#
# A fatal error has been detected by the Java Runtime Environment:
#
#  EXCEPTION_ACCESS_VIOLATION (0xc0000005) at pc=0x00007fff337553a7, pid=9344, tid=1032
#
# JRE version: Java(TM) SE Runtime Environment (21.0.5+9) (build 21.0.5+9-LTS-239)
# Java VM: Java HotSpot(TM) 64-Bit Server VM (21.0.5+9-LTS-239, mixed mode, sharing, tiered, compressed oops, compressed class ptrs, g1 gc, windows-amd64)
# Problematic frame:
# V  [jvm.dll+0x1f53a7]
#
# No core dump will be written. Minidumps are not enabled by default on client versions of Windows
#
# If you would like to submit a bug report, please visit:
#   https://bugreport.java.com/bugreport/crash.jsp
#

---------------  S U M M A R Y ------------

Command Line: -Dclassworlds.conf=C:\Program Files\NetBeans-23\netbeans\java\maven\bin\m2.conf -Dmaven.home=C:\Program Files\NetBeans-23\netbeans\java\maven -Dlibrary.jansi.path=C:\Program Files\NetBeans-23\netbeans\java\maven\lib\jansi-native -Dmaven.multiModuleProjectDirectory=C:\Users\Erio\Desktop\Tabalhos do jhonatas san\prg03presistencia1 org.codehaus.plexus.classworlds.launcher.Launcher -Dexec.vmArgs= -Dexec.args=${exec.vmArgs} -classpath %classpath ${exec.mainClass} ${exec.appArgs} -Dexec.executable=C:\Program Files\Java\jdk-21\bin\java.exe -Dexec.mainClass=br.com.ifba.curso.view.CursoListar -Dexec.classpathScope=runtime -Dexec.appArgs= -Dmaven.ext.class.path=C:\Program Files\NetBeans-23\netbeans\java\maven-nblib\netbeans-eventspy.jar --no-transfer-progress process-classes org.codehaus.mojo:exec-maven-plugin:3.1.0:exec

Host: Intel(R) Core(TM) i3 CPU       M 380  @ 2.53GHz, 4 cores, 3G,  Windows 10 , 64 bit Build 19041 (10.0.19041.5198)
Time: Thu Dec 19 23:05:13 2024 Hora oficial do Brasil elapsed time: 7.216780 seconds (0d 0h 0m 7s)

---------------  T H R E A D  ---------------

Current thread (0x0000024c7da700c0):  JavaThread "C2 CompilerThread0" daemon [_thread_in_native, id=1032, stack(0x00000051d3900000,0x00000051d3a00000) (1024K)]


Current CompileTask:
C2:   7216 2960 %     4       org.codehaus.plexus.util.xml.pull.MXParser::nextImpl @ 877 (1203 bytes)

Stack: [0x00000051d3900000,0x00000051d3a00000],  sp=0x00000051d39fd7f8,  free space=1013k
Native frames: (J=compiled Java code, j=interpreted, Vv=VM code, C=native code)
V  [jvm.dll+0x1f53a7]


siginfo: EXCEPTION_ACCESS_VIOLATION (0xc0000005), reading address 0x000002506d5c8be0


Registers:
RAX=0x0000024c7dedf660, RBX=0x000000007dedd2b0, RCX=0x0000024c7dedf170, RDX=0x000000007dedd2b0
RSP=0x00000051d39fd7f8, RBP=0x0000024c7dedf118, RSI=0x0000024c7e0d9218, RDI=0x0000000000000000
R8 =0x0000024c7e0d9218, R9 =0x0000000000000000, R10=0x00000051d39ff578, R11=0x0000000000000000
R12=0x0000024c7dedf118, R13=0x0000024c7e0d9218, R14=0x0000024c7e6203a0, R15=0x0000024c7e0d91f0
RIP=0x00007fff337553a7, EFLAGS=0x0000000000010206


Register to memory mapping:

RAX=0x0000024c7dedf660 points into unknown readable memory: 0x0000024c7dee1bf8 | f8 1b ee 7d 4c 02 00 00
RBX=0x000000007dedd2b0 is an unknown value
RCX=0x0000024c7dedf170 points into unknown readable memory: 0x0000024c7dedd2d0 | d0 d2 ed 7d 4c 02 00 00
RDX=0x000000007dedd2b0 is an unknown value
RSP=0x00000051d39fd7f8 is pointing into the stack for thread: 0x0000024c7da700c0
RBP=0x0000024c7dedf118 points into unknown readable memory: 0x00000051d39ff570 | 70 f5 9f d3 51 00 00 00
RSI=0x0000024c7e0d9218 points into unknown readable memory: 0x0000000400000000 | 00 00 00 00 04 00 00 00
RDI=0x0 is null
R8 =0x0000024c7e0d9218 points into unknown readable memory: 0x0000000400000000 | 00 00 00 00 04 00 00 00
R9 =0x0 is null
R10=0x00000051d39ff578 is pointing into the stack for thread: 0x0000024c7da700c0
R11=0x0 is null
R12=0x0000024c7dedf118 points into unknown readable memory: 0x00000051d39ff570 | 70 f5 9f d3 51 00 00 00
R13=0x0000024c7e0d9218 points into unknown readable memory: 0x0000000400000000 | 00 00 00 00 04 00 00 00
R14=0x0000024c7e6203a0 points into unknown readable memory: 0x0000000100000000 | 00 00 00 00 01 00 00 00
R15=0x0000024c7e0d91f0 points into unknown readable memory: 0x0000024c7dee32f8 | f8 32 ee 7d 4c 02 00 00

Top of Stack: (sp=0x00000051d39fd7f8)
0x00000051d39fd7f8:   00007fff33766052 0000024c7e620388
0x00000051d39fd808:   0000024c7e61f810 0000024c7da973e0
0x00000051d39fd818:   00007fff33769803 00000051d39fd8d0
0x00000051d39fd828:   00007fff3376a0b8 00000051d39ff578
0x00000051d39fd838:   00000051d39fd860 0000024c7e620218
0x00000051d39fd848:   00007fff3376593c 00000051d39fd8d0
0x00000051d39fd858:   0000024c7e0d91f0 0000024c7e620388
0x00000051d39fd868:   0000024c7dedf118 0000000000000000
0x00000051d39fd878:   0000024c7e620370 0000024c7e620218
0x00000051d39fd888:   0000024c7e0d9218 00000051d39fd909
0x00000051d39fd898:   00007fff33767f5e 0000024c0000042a
0x00000051d39fd8a8:   0000024c7e0d91f0 0000024c7e0d9218
0x00000051d39fd8b8:   0000024c7e0d9218 0000024c7e620388
0x00000051d39fd8c8:   00007fff5cd7b44d 0000024c7dedd2d0
0x00000051d39fd8d8:   0000024c7dedd220 0000024c7dee2042
0x00000051d39fd8e8:   0000000000000000 0000024c7e0d9278
0x00000051d39fd8f8:   0000024c7dee1c18 0000024c7dee20cb
0x00000051d39fd908:   0000024c7dee2044 000000a9000000a9
0x00000051d39fd918:   0000024c7dedf118 0000024c7e61ffd0
0x00000051d39fd928:   0000024c7e620218 0000000000000020
0x00000051d39fd938:   0000024c7dedf118 0000000000000000
0x00000051d39fd948:   0000000000000026 0000024c7e0d9278
0x00000051d39fd958:   0000024c7da571d0 0000000000000064
0x00000051d39fd968:   00007fff3376772c 0000000000000000
0x00000051d39fd978:   000000000000042a 000000000000042a
0x00000051d39fd988:   0000024c7e0d9218 0000024c71ebf278
0x00000051d39fd998:   0000024c7e61fe50 00000000ffffffff
0x00000051d39fd9a8:   0000000000000000 0000024c7dedf118
0x00000051d39fd9b8:   0000024c7e0d58f0 0000024c7e0d91f0
0x00000051d39fd9c8:   0000024c7e0dd8d8 0000024c7e0d91f0
0x00000051d39fd9d8:   0000024c7dedf118 0000024c7e0d9218
0x00000051d39fd9e8:   0000024c71f0ac20 0000024c7dee33b8 

Instructions: (pc=0x00007fff337553a7)
0x00007fff337552a7:   8b 7b 08 48 8b cf 8b 5b 0c 41 8b d7 48 8b e8 e8
0x00007fff337552b7:   f5 04 00 00 3b 5f 24 7d 0a 8b d3 48 8b cf e8 e6
0x00007fff337552c7:   04 00 00 8b 55 10 8b c2 d1 e8 a8 01 74 21 8b 45
0x00007fff337552d7:   14 83 e2 fd 8b 4d 18 44 3b f8 c7 45 14 ff ff ff
0x00007fff337552e7:   ff 41 0f 4e c7 3b d9 44 8b f8 0f 4d cb 8b d9 83
0x00007fff337552f7:   ca 02 44 89 7d 14 49 83 c4 08 89 5d 18 89 55 10
0x00007fff33755307:   49 83 ed 01 75 83 4c 8b 6c 24 28 48 8b cf e8 c6
0x00007fff33755317:   00 00 00 4c 8b 7c 24 20 4c 8b 64 24 68 48 8b 6c
0x00007fff33755327:   24 60 48 8b 5c 24 58 41 39 76 58 7e 5d 49 39 76
0x00007fff33755337:   78 75 08 49 8b ce e8 ae eb ff ff 41 8b 46 58 85
0x00007fff33755347:   c0 7e 47 44 8b c8 0f 1f 00 49 8b 86 80 00 00 00
0x00007fff33755357:   48 8b 0c 06 44 8b 41 0c 8b 41 08 41 3b c0 7d 20
0x00007fff33755367:   66 0f 1f 84 00 00 00 00 00 48 63 c8 48 8b 47 18
0x00007fff33755377:   48 8b 14 c8 83 4a 10 40 8b 42 08 41 3b c0 7c e9
0x00007fff33755387:   48 83 c6 08 49 83 e9 01 75 bf 48 8b c7 48 83 c4
0x00007fff33755397:   30 41 5e 5f 5e c3 cc cc cc 48 8b 41 18 48 63 d2
0x00007fff337553a7:   48 8b 04 d0 c3 cc cc cc cc 48 8b 41 10 33 d2 4c
0x00007fff337553b7:   8b c9 39 10 7e 1e 44 8b c2 48 8b 40 08 4d 8d 40
0x00007fff337553c7:   08 ff c2 49 8b 4c 00 f8 83 61 10 fe 49 8b 41 10
0x00007fff337553d7:   3b 10 7c e5 c3 cc cc cc cc 48 89 5c 24 08 48 89
0x00007fff337553e7:   74 24 10 48 89 7c 24 18 55 41 54 41 55 41 56 41
0x00007fff337553f7:   57 48 8b ec 48 81 ec 80 00 00 00 48 8b 19 48 8b
0x00007fff33755407:   f9 48 89 5d b0 48 85 db 75 15 45 33 ed 4c 89 6d
0x00007fff33755417:   b8 4c 89 6d e8 4c 89 6d d8 4c 89 6d e0 eb 39 48
0x00007fff33755427:   8b 43 28 48 8b d3 48 89 45 b8 48 83 7b 78 00 75
0x00007fff33755437:   0b 48 8b cb e8 b0 ea ff ff 48 8b 17 48 8b 4b 78
0x00007fff33755447:   45 33 ed 8b 43 48 48 8b da 48 03 c1 48 89 4d e8
0x00007fff33755457:   48 89 45 e0 48 89 4d d8 48 8b 47 18 4c 89 6d c8
0x00007fff33755467:   44 8b 63 48 48 8b 30 4c 8d 0d 8b ab e0 ff 66 66
0x00007fff33755477:   66 0f 1f 84 00 00 00 00 00 48 8b 45 e8 48 89 45
0x00007fff33755487:   c0 48 3b 45 e0 0f 83 9d 02 00 00 0f b6 00 89 45
0x00007fff33755497:   f4 49 63 94 81 00 87 99 00 89 55 f0 81 fa ee 00 


Stack slot to memory mapping:

stack at sp + 0 slots: 0x00007fff33766052 jvm.dll
stack at sp + 1 slots: 0x0000024c7e620388 points into unknown readable memory: 0x0000000000000000 | 00 00 00 00 00 00 00 00
stack at sp + 2 slots: 0x0000024c7e61f810 points into unknown readable memory: 0x0000000000000002 | 02 00 00 00 00 00 00 00
stack at sp + 3 slots: 0x0000024c7da973e0 points into unknown readable memory: 0x00007fff33f0e500 | 00 e5 f0 33 ff 7f 00 00
stack at sp + 4 slots: 0x00007fff33769803 jvm.dll
stack at sp + 5 slots: 0x00000051d39fd8d0 is pointing into the stack for thread: 0x0000024c7da700c0
stack at sp + 6 slots: 0x00007fff3376a0b8 jvm.dll
stack at sp + 7 slots: 0x00000051d39ff578 is pointing into the stack for thread: 0x0000024c7da700c0


---------------  P R O C E S S  ---------------

Threads class SMR info:
_java_thread_list=0x0000024c7e007a80, length=11, elements={
0x0000024c71e43870, 0x0000024c7da51a40, 0x0000024c7da52750, 0x0000024c7da546b0,
0x0000024c7da55100, 0x0000024c7da55b50, 0x0000024c7da585b0, 0x0000024c7da700c0,
0x0000024c7da70b50, 0x0000024c7dcbfe50, 0x0000024c7dcc0a80
}

Java Threads: ( => current thread )
  0x0000024c71e43870 JavaThread "main"                              [_thread_in_native, id=9932, stack(0x00000051d2b00000,0x00000051d2c00000) (1024K)]
  0x0000024c7da51a40 JavaThread "Reference Handler"          daemon [_thread_blocked, id=4724, stack(0x00000051d3300000,0x00000051d3400000) (1024K)]
  0x0000024c7da52750 JavaThread "Finalizer"                  daemon [_thread_blocked, id=10104, stack(0x00000051d3400000,0x00000051d3500000) (1024K)]
  0x0000024c7da546b0 JavaThread "Signal Dispatcher"          daemon [_thread_blocked, id=1100, stack(0x00000051d3500000,0x00000051d3600000) (1024K)]
  0x0000024c7da55100 JavaThread "Attach Listener"            daemon [_thread_blocked, id=2372, stack(0x00000051d3600000,0x00000051d3700000) (1024K)]
  0x0000024c7da55b50 JavaThread "Service Thread"             daemon [_thread_blocked, id=4664, stack(0x00000051d3700000,0x00000051d3800000) (1024K)]
  0x0000024c7da585b0 JavaThread "Monitor Deflation Thread"   daemon [_thread_blocked, id=5696, stack(0x00000051d3800000,0x00000051d3900000) (1024K)]
=>0x0000024c7da700c0 JavaThread "C2 CompilerThread0"         daemon [_thread_in_native, id=1032, stack(0x00000051d3900000,0x00000051d3a00000) (1024K)]
  0x0000024c7da70b50 JavaThread "C1 CompilerThread0"         daemon [_thread_blocked, id=7392, stack(0x00000051d3a00000,0x00000051d3b00000) (1024K)]
  0x0000024c7dcbfe50 JavaThread "Notification Thread"        daemon [_thread_blocked, id=2984, stack(0x00000051d3b00000,0x00000051d3c00000) (1024K)]
  0x0000024c7dcc0a80 JavaThread "Common-Cleaner"             daemon [_thread_blocked, id=10144, stack(0x00000051d3c00000,0x00000051d3d00000) (1024K)]
Total: 11

Other Threads:
  0x0000024c71ef7830 VMThread "VM Thread"                           [id=6396, stack(0x00000051d3200000,0x00000051d3300000) (1024K)]
  0x0000024c7da4a0c0 WatcherThread "VM Periodic Task Thread"        [id=9808, stack(0x00000051d3100000,0x00000051d3200000) (1024K)]
  0x0000024c71e737d0 WorkerThread "GC Thread#0"                     [id=9528, stack(0x00000051d2c00000,0x00000051d2d00000) (1024K)]
  0x0000024c7e299000 WorkerThread "GC Thread#1"                     [id=10048, stack(0x00000051d3d00000,0x00000051d3e00000) (1024K)]
  0x0000024c7e5986d0 WorkerThread "GC Thread#2"                     [id=9884, stack(0x00000051d3e00000,0x00000051d3f00000) (1024K)]
  0x0000024c7e3a5d00 WorkerThread "GC Thread#3"                     [id=9968, stack(0x00000051d3f00000,0x00000051d4000000) (1024K)]
  0x0000024c71e7cd40 ConcurrentGCThread "G1 Main Marker"            [id=9128, stack(0x00000051d2d00000,0x00000051d2e00000) (1024K)]
  0x0000024c71e7ddf0 WorkerThread "G1 Conc#0"                       [id=880, stack(0x00000051d2e00000,0x00000051d2f00000) (1024K)]
  0x0000024c71ed7530 ConcurrentGCThread "G1 Refine#0"               [id=8936, stack(0x00000051d2f00000,0x00000051d3000000) (1024K)]
  0x0000024c71ed7eb0 ConcurrentGCThread "G1 Service"                [id=6164, stack(0x00000051d3000000,0x00000051d3100000) (1024K)]
Total: 10

Threads with active compile tasks:
C2 CompilerThread0     7286 2960 %     4       org.codehaus.plexus.util.xml.pull.MXParser::nextImpl @ 877 (1203 bytes)
Total: 1

VM state: not at safepoint (normal execution)

VM Mutex/Monitor currently owned by a thread: None

Heap address: 0x00000000c3200000, size: 974 MB, Compressed Oops mode: 32-bit

CDS archive(s) mapped at: [0x0000024c0f000000-0x0000024c0fc90000-0x0000024c0fc90000), size 13172736, SharedBaseAddress: 0x0000024c0f000000, ArchiveRelocationMode: 1.
Compressed class space mapped at: 0x0000024c10000000-0x0000024c50000000, reserved size: 1073741824
Narrow klass base: 0x0000024c0f000000, Narrow klass shift: 0, Narrow klass range: 0x100000000

GC Precious Log:
 CardTable entry size: 512
 Card Set container configuration: InlinePtr #cards 5 size 8 Array Of Cards #cards 12 size 40 Howl #buckets 4 coarsen threshold 1843 Howl Bitmap #cards 512 size 80 coarsen threshold 460 Card regions per heap region 1 cards per card region 2048
 CPUs: 4 total, 4 available
 Memory: 3892M
 Large Page Support: Disabled
 NUMA Support: Disabled
 Compressed Oops: Enabled (32-bit)
 Heap Region Size: 1M
 Heap Min Capacity: 8M
 Heap Initial Capacity: 62M
 Heap Max Capacity: 974M
 Pre-touch: Disabled
 Parallel Workers: 4
 Concurrent Workers: 1
 Concurrent Refinement Workers: 4
 Periodic GC: Disabled

Heap:
 garbage-first heap   total 63488K, used 21718K [0x00000000c3200000, 0x0000000100000000)
  region size 1024K, 19 young (19456K), 3 survivors (3072K)
 Metaspace       used 15206K, committed 15488K, reserved 1114112K
  class space    used 1791K, committed 1920K, reserved 1048576K

Heap Regions: E=young(eden), S=young(survivor), O=old, HS=humongous(starts), HC=humongous(continues), CS=collection set, F=free, TAMS=top-at-mark-start, PB=parsable bottom
|   0|0x00000000c3200000, 0x00000000c3300000, 0x00000000c3300000|100%| O|  |TAMS 0x00000000c3200000| PB 0x00000000c3200000| Untracked 
|   1|0x00000000c3300000, 0x00000000c3400000, 0x00000000c3400000|100%| O|  |TAMS 0x00000000c3300000| PB 0x00000000c3300000| Untracked 
|   2|0x00000000c3400000, 0x00000000c3500000, 0x00000000c3500000|100%| O|  |TAMS 0x00000000c3400000| PB 0x00000000c3400000| Untracked 
|   3|0x00000000c3500000, 0x00000000c3535aa0, 0x00000000c3600000| 20%| O|  |TAMS 0x00000000c3500000| PB 0x00000000c3500000| Untracked 
|   4|0x00000000c3600000, 0x00000000c3600000, 0x00000000c3700000|  0%| F|  |TAMS 0x00000000c3600000| PB 0x00000000c3600000| Untracked 
|   5|0x00000000c3700000, 0x00000000c3700000, 0x00000000c3800000|  0%| F|  |TAMS 0x00000000c3700000| PB 0x00000000c3700000| Untracked 
|   6|0x00000000c3800000, 0x00000000c3800000, 0x00000000c3900000|  0%| F|  |TAMS 0x00000000c3800000| PB 0x00000000c3800000| Untracked 
|   7|0x00000000c3900000, 0x00000000c3900000, 0x00000000c3a00000|  0%| F|  |TAMS 0x00000000c3900000| PB 0x00000000c3900000| Untracked 
|   8|0x00000000c3a00000, 0x00000000c3a00000, 0x00000000c3b00000|  0%| F|  |TAMS 0x00000000c3a00000| PB 0x00000000c3a00000| Untracked 
|   9|0x00000000c3b00000, 0x00000000c3b00000, 0x00000000c3c00000|  0%| F|  |TAMS 0x00000000c3b00000| PB 0x00000000c3b00000| Untracked 
|  10|0x00000000c3c00000, 0x00000000c3c00000, 0x00000000c3d00000|  0%| F|  |TAMS 0x00000000c3c00000| PB 0x00000000c3c00000| Untracked 
|  11|0x00000000c3d00000, 0x00000000c3d00000, 0x00000000c3e00000|  0%| F|  |TAMS 0x00000000c3d00000| PB 0x00000000c3d00000| Untracked 
|  12|0x00000000c3e00000, 0x00000000c3e00000, 0x00000000c3f00000|  0%| F|  |TAMS 0x00000000c3e00000| PB 0x00000000c3e00000| Untracked 
|  13|0x00000000c3f00000, 0x00000000c3f00000, 0x00000000c4000000|  0%| F|  |TAMS 0x00000000c3f00000| PB 0x00000000c3f00000| Untracked 
|  14|0x00000000c4000000, 0x00000000c4000000, 0x00000000c4100000|  0%| F|  |TAMS 0x00000000c4000000| PB 0x00000000c4000000| Untracked 
|  15|0x00000000c4100000, 0x00000000c4100000, 0x00000000c4200000|  0%| F|  |TAMS 0x00000000c4100000| PB 0x00000000c4100000| Untracked 
|  16|0x00000000c4200000, 0x00000000c4200000, 0x00000000c4300000|  0%| F|  |TAMS 0x00000000c4200000| PB 0x00000000c4200000| Untracked 
|  17|0x00000000c4300000, 0x00000000c4300000, 0x00000000c4400000|  0%| F|  |TAMS 0x00000000c4300000| PB 0x00000000c4300000| Untracked 
|  18|0x00000000c4400000, 0x00000000c4400000, 0x00000000c4500000|  0%| F|  |TAMS 0x00000000c4400000| PB 0x00000000c4400000| Untracked 
|  19|0x00000000c4500000, 0x00000000c4500000, 0x00000000c4600000|  0%| F|  |TAMS 0x00000000c4500000| PB 0x00000000c4500000| Untracked 
|  20|0x00000000c4600000, 0x00000000c4600000, 0x00000000c4700000|  0%| F|  |TAMS 0x00000000c4600000| PB 0x00000000c4600000| Untracked 
|  21|0x00000000c4700000, 0x00000000c4700000, 0x00000000c4800000|  0%| F|  |TAMS 0x00000000c4700000| PB 0x00000000c4700000| Untracked 
|  22|0x00000000c4800000, 0x00000000c4900000, 0x00000000c4900000|100%| S|CS|TAMS 0x00000000c4800000| PB 0x00000000c4800000| Complete 
|  23|0x00000000c4900000, 0x00000000c4a00000, 0x00000000c4a00000|100%| S|CS|TAMS 0x00000000c4900000| PB 0x00000000c4900000| Complete 
|  24|0x00000000c4a00000, 0x00000000c4b00000, 0x00000000c4b00000|100%| S|CS|TAMS 0x00000000c4a00000| PB 0x00000000c4a00000| Complete 
|  25|0x00000000c4b00000, 0x00000000c4b00000, 0x00000000c4c00000|  0%| F|  |TAMS 0x00000000c4b00000| PB 0x00000000c4b00000| Untracked 
|  26|0x00000000c4c00000, 0x00000000c4c00000, 0x00000000c4d00000|  0%| F|  |TAMS 0x00000000c4c00000| PB 0x00000000c4c00000| Untracked 
|  27|0x00000000c4d00000, 0x00000000c4d00000, 0x00000000c4e00000|  0%| F|  |TAMS 0x00000000c4d00000| PB 0x00000000c4d00000| Untracked 
|  28|0x00000000c4e00000, 0x00000000c4e00000, 0x00000000c4f00000|  0%| F|  |TAMS 0x00000000c4e00000| PB 0x00000000c4e00000| Untracked 
|  29|0x00000000c4f00000, 0x00000000c4f00000, 0x00000000c5000000|  0%| F|  |TAMS 0x00000000c4f00000| PB 0x00000000c4f00000| Untracked 
|  30|0x00000000c5000000, 0x00000000c5000000, 0x00000000c5100000|  0%| F|  |TAMS 0x00000000c5000000| PB 0x00000000c5000000| Untracked 
|  31|0x00000000c5100000, 0x00000000c5100000, 0x00000000c5200000|  0%| F|  |TAMS 0x00000000c5100000| PB 0x00000000c5100000| Untracked 
|  32|0x00000000c5200000, 0x00000000c5200000, 0x00000000c5300000|  0%| F|  |TAMS 0x00000000c5200000| PB 0x00000000c5200000| Untracked 
|  33|0x00000000c5300000, 0x00000000c5300000, 0x00000000c5400000|  0%| F|  |TAMS 0x00000000c5300000| PB 0x00000000c5300000| Untracked 
|  34|0x00000000c5400000, 0x00000000c5400000, 0x00000000c5500000|  0%| F|  |TAMS 0x00000000c5400000| PB 0x00000000c5400000| Untracked 
|  35|0x00000000c5500000, 0x00000000c5500000, 0x00000000c5600000|  0%| F|  |TAMS 0x00000000c5500000| PB 0x00000000c5500000| Untracked 
|  36|0x00000000c5600000, 0x00000000c5600000, 0x00000000c5700000|  0%| F|  |TAMS 0x00000000c5600000| PB 0x00000000c5600000| Untracked 
|  37|0x00000000c5700000, 0x00000000c5700000, 0x00000000c5800000|  0%| F|  |TAMS 0x00000000c5700000| PB 0x00000000c5700000| Untracked 
|  38|0x00000000c5800000, 0x00000000c5800000, 0x00000000c5900000|  0%| F|  |TAMS 0x00000000c5800000| PB 0x00000000c5800000| Untracked 
|  39|0x00000000c5900000, 0x00000000c5900000, 0x00000000c5a00000|  0%| F|  |TAMS 0x00000000c5900000| PB 0x00000000c5900000| Untracked 
|  40|0x00000000c5a00000, 0x00000000c5a00000, 0x00000000c5b00000|  0%| F|  |TAMS 0x00000000c5a00000| PB 0x00000000c5a00000| Untracked 
|  41|0x00000000c5b00000, 0x00000000c5b00000, 0x00000000c5c00000|  0%| F|  |TAMS 0x00000000c5b00000| PB 0x00000000c5b00000| Untracked 
|  42|0x00000000c5c00000, 0x00000000c5c00000, 0x00000000c5d00000|  0%| F|  |TAMS 0x00000000c5c00000| PB 0x00000000c5c00000| Untracked 
|  43|0x00000000c5d00000, 0x00000000c5d00000, 0x00000000c5e00000|  0%| F|  |TAMS 0x00000000c5d00000| PB 0x00000000c5d00000| Untracked 
|  44|0x00000000c5e00000, 0x00000000c5e00000, 0x00000000c5f00000|  0%| F|  |TAMS 0x00000000c5e00000| PB 0x00000000c5e00000| Untracked 
|  45|0x00000000c5f00000, 0x00000000c5f00000, 0x00000000c6000000|  0%| F|  |TAMS 0x00000000c5f00000| PB 0x00000000c5f00000| Untracked 
|  46|0x00000000c6000000, 0x00000000c6080800, 0x00000000c6100000| 50%| E|  |TAMS 0x00000000c6000000| PB 0x00000000c6000000| Complete 
|  47|0x00000000c6100000, 0x00000000c6200000, 0x00000000c6200000|100%| E|CS|TAMS 0x00000000c6100000| PB 0x00000000c6100000| Complete 
|  48|0x00000000c6200000, 0x00000000c6300000, 0x00000000c6300000|100%| E|CS|TAMS 0x00000000c6200000| PB 0x00000000c6200000| Complete 
|  49|0x00000000c6300000, 0x00000000c6400000, 0x00000000c6400000|100%| E|CS|TAMS 0x00000000c6300000| PB 0x00000000c6300000| Complete 
|  50|0x00000000c6400000, 0x00000000c6500000, 0x00000000c6500000|100%| E|CS|TAMS 0x00000000c6400000| PB 0x00000000c6400000| Complete 
|  51|0x00000000c6500000, 0x00000000c6600000, 0x00000000c6600000|100%| E|CS|TAMS 0x00000000c6500000| PB 0x00000000c6500000| Complete 
|  52|0x00000000c6600000, 0x00000000c6700000, 0x00000000c6700000|100%| E|CS|TAMS 0x00000000c6600000| PB 0x00000000c6600000| Complete 
|  53|0x00000000c6700000, 0x00000000c6800000, 0x00000000c6800000|100%| E|CS|TAMS 0x00000000c6700000| PB 0x00000000c6700000| Complete 
|  54|0x00000000c6800000, 0x00000000c6900000, 0x00000000c6900000|100%| E|CS|TAMS 0x00000000c6800000| PB 0x00000000c6800000| Complete 
|  55|0x00000000c6900000, 0x00000000c6a00000, 0x00000000c6a00000|100%| E|CS|TAMS 0x00000000c6900000| PB 0x00000000c6900000| Complete 
|  56|0x00000000c6a00000, 0x00000000c6b00000, 0x00000000c6b00000|100%| E|CS|TAMS 0x00000000c6a00000| PB 0x00000000c6a00000| Complete 
|  57|0x00000000c6b00000, 0x00000000c6c00000, 0x00000000c6c00000|100%| E|CS|TAMS 0x00000000c6b00000| PB 0x00000000c6b00000| Complete 
|  58|0x00000000c6c00000, 0x00000000c6d00000, 0x00000000c6d00000|100%| E|CS|TAMS 0x00000000c6c00000| PB 0x00000000c6c00000| Complete 
|  59|0x00000000c6d00000, 0x00000000c6e00000, 0x00000000c6e00000|100%| E|CS|TAMS 0x00000000c6d00000| PB 0x00000000c6d00000| Complete 
|  60|0x00000000c6e00000, 0x00000000c6f00000, 0x00000000c6f00000|100%| E|CS|TAMS 0x00000000c6e00000| PB 0x00000000c6e00000| Complete 
|  61|0x00000000c6f00000, 0x00000000c7000000, 0x00000000c7000000|100%| E|CS|TAMS 0x00000000c6f00000| PB 0x00000000c6f00000| Complete 

Card table byte_map: [0x0000024c7a4c0000,0x0000024c7a6b0000] _byte_map_base: 0x0000024c79ea7000

Marking Bits: (CMBitMap*) 0x0000024c71e748f0
 Bits: [0x0000024c7a6b0000, 0x0000024c7b5e8000)

Polling page: 0x0000024c6fdb0000

Metaspace:

Usage:
  Non-class:     13.10 MB used.
      Class:      1.75 MB used.
       Both:     14.85 MB used.

Virtual space:
  Non-class space:       64.00 MB reserved,      13.25 MB ( 21%) committed,  1 nodes.
      Class space:        1.00 GB reserved,       1.88 MB ( <1%) committed,  1 nodes.
             Both:        1.06 GB reserved,      15.12 MB (  1%) committed. 

Chunk freelists:
   Non-Class:  2.20 MB
       Class:  13.98 MB
        Both:  16.19 MB

MaxMetaspaceSize: unlimited
CompressedClassSpaceSize: 1.00 GB
Initial GC threshold: 21.00 MB
Current GC threshold: 21.00 MB
CDS: on
 - commit_granule_bytes: 65536.
 - commit_granule_words: 8192.
 - virtual_space_node_default_size: 8388608.
 - enlarge_chunks_in_place: 1.
 - use_allocation_guard: 0.


Internal statistics:

num_allocs_failed_limit: 0.
num_arena_births: 164.
num_arena_deaths: 0.
num_vsnodes_births: 2.
num_vsnodes_deaths: 0.
num_space_committed: 242.
num_space_uncommitted: 0.
num_chunks_returned_to_freelist: 0.
num_chunks_taken_from_freelist: 667.
num_chunk_merges: 0.
num_chunk_splits: 467.
num_chunks_enlarged: 384.
num_inconsistent_stats: 0.

CodeHeap 'non-profiled nmethods': size=120000Kb used=1027Kb max_used=1027Kb free=118972Kb
 bounds [0x0000024c07ad0000, 0x0000024c07d40000, 0x0000024c0f000000]
CodeHeap 'profiled nmethods': size=120000Kb used=5968Kb max_used=5968Kb free=114031Kb
 bounds [0x0000024c00000000, 0x0000024c005e0000, 0x0000024c07530000]
CodeHeap 'non-nmethods': size=5760Kb used=1394Kb max_used=1416Kb free=4365Kb
 bounds [0x0000024c07530000, 0x0000024c077a0000, 0x0000024c07ad0000]
 total_blobs=3486 nmethods=3002 adapters=389
 compilation: enabled
              stopped_count=0, restarted_count=0
 full_count=0

Compilation events (20 events):
Event: 7.130 Thread 0x0000024c7da70b50 2952       3       org.eclipse.sisu.inject.RankedSequence::safeBinarySearch (77 bytes)
Event: 7.131 Thread 0x0000024c7da70b50 nmethod 2952 0x0000024c005bb410 code [0x0000024c005bb5c0, 0x0000024c005bb8f8]
Event: 7.138 Thread 0x0000024c7da70b50 2953       1       com.google.inject.internal.InjectorBindingData::getIndexedExplicitBindings (5 bytes)
Event: 7.138 Thread 0x0000024c7da70b50 nmethod 2953 0x0000024c07bced90 code [0x0000024c07bcef20, 0x0000024c07bcefe8]
Event: 7.158 Thread 0x0000024c7da70b50 2954       3       org.eclipse.sisu.inject.RankedSequence$Itr::next (47 bytes)
Event: 7.158 Thread 0x0000024c7da70b50 nmethod 2954 0x0000024c005bba90 code [0x0000024c005bbc60, 0x0000024c005bbf18]
Event: 7.159 Thread 0x0000024c7da70b50 2955       3       jdk.internal.org.objectweb.asm.ClassWriter::<init> (7 bytes)
Event: 7.159 Thread 0x0000024c7da70b50 nmethod 2955 0x0000024c005bc010 code [0x0000024c005bc1c0, 0x0000024c005bc308]
Event: 7.159 Thread 0x0000024c7da70b50 2956       3       jdk.internal.org.objectweb.asm.ClassWriter::<init> (73 bytes)
Event: 7.160 Thread 0x0000024c7da70b50 nmethod 2956 0x0000024c005bc390 code [0x0000024c005bc580, 0x0000024c005bca28]
Event: 7.160 Thread 0x0000024c7da70b50 2957       3       jdk.internal.org.objectweb.asm.ClassVisitor::<init> (7 bytes)
Event: 7.160 Thread 0x0000024c7da70b50 nmethod 2957 0x0000024c005bcb90 code [0x0000024c005bcd40, 0x0000024c005bce88]
Event: 7.160 Thread 0x0000024c7da70b50 2958       3       java.util.Collections$UnmodifiableMap$UnmodifiableEntrySet$UnmodifiableEntry::getKey (10 bytes)
Event: 7.161 Thread 0x0000024c7da70b50 nmethod 2958 0x0000024c005bcf10 code [0x0000024c005bd0c0, 0x0000024c005bd298]
Event: 7.161 Thread 0x0000024c7da70b50 2959       3       java.util.Collections$UnmodifiableMap$UnmodifiableEntrySet$UnmodifiableEntry::getValue (10 bytes)
Event: 7.161 Thread 0x0000024c7da70b50 nmethod 2959 0x0000024c005bd390 code [0x0000024c005bd540, 0x0000024c005bd718]
Event: 7.177 Thread 0x0000024c7da700c0 2960 %     4       org.codehaus.plexus.util.xml.pull.MXParser::nextImpl @ 877 (1203 bytes)
Event: 7.182 Thread 0x0000024c7da70b50 2961       3       java.lang.String::<init> (74 bytes)
Event: 7.182 Thread 0x0000024c7da70b50 nmethod 2961 0x0000024c005bd810 code [0x0000024c005bda00, 0x0000024c005bde08]
Event: 7.183 Thread 0x0000024c7da70b50 2962       3       org.apache.maven.model.io.xpp3.MavenXpp3Reader::checkFieldWithDuplicate (75 bytes)

GC Heap History (6 events):
Event: 1.566 GC heap before
{Heap before GC invocations=0 (full 0):
 garbage-first heap   total 63488K, used 13312K [0x00000000c3200000, 0x0000000100000000)
  region size 1024K, 13 young (13312K), 0 survivors (0K)
 Metaspace       used 3807K, committed 4032K, reserved 1114112K
  class space    used 390K, committed 512K, reserved 1048576K
}
Event: 1.588 GC heap after
{Heap after GC invocations=1 (full 0):
 garbage-first heap   total 63488K, used 3200K [0x00000000c3200000, 0x0000000100000000)
  region size 1024K, 2 young (2048K), 2 survivors (2048K)
 Metaspace       used 3807K, committed 4032K, reserved 1114112K
  class space    used 390K, committed 512K, reserved 1048576K
}
Event: 3.005 GC heap before
{Heap before GC invocations=1 (full 0):
 garbage-first heap   total 63488K, used 18560K [0x00000000c3200000, 0x0000000100000000)
  region size 1024K, 17 young (17408K), 2 survivors (2048K)
 Metaspace       used 6154K, committed 6336K, reserved 1114112K
  class space    used 706K, committed 832K, reserved 1048576K
}
Event: 3.017 GC heap after
{Heap after GC invocations=2 (full 0):
 garbage-first heap   total 63488K, used 4091K [0x00000000c3200000, 0x0000000100000000)
  region size 1024K, 1 young (1024K), 1 survivors (1024K)
 Metaspace       used 6154K, committed 6336K, reserved 1114112K
  class space    used 706K, committed 832K, reserved 1048576K
}
Event: 5.734 GC heap before
{Heap before GC invocations=2 (full 0):
 garbage-first heap   total 63488K, used 39931K [0x00000000c3200000, 0x0000000100000000)
  region size 1024K, 37 young (37888K), 1 survivors (1024K)
 Metaspace       used 12073K, committed 12288K, reserved 1114112K
  class space    used 1431K, committed 1536K, reserved 1048576K
}
Event: 5.752 GC heap after
{Heap after GC invocations=3 (full 0):
 garbage-first heap   total 63488K, used 6358K [0x00000000c3200000, 0x0000000100000000)
  region size 1024K, 3 young (3072K), 3 survivors (3072K)
 Metaspace       used 12073K, committed 12288K, reserved 1114112K
  class space    used 1431K, committed 1536K, reserved 1048576K
}

Dll operation events (8 events):
Event: 0.017 Loaded shared library C:\Program Files\Java\jdk-21\bin\java.dll
Event: 0.097 Loaded shared library C:\Program Files\Java\jdk-21\bin\jsvml.dll
Event: 0.176 Loaded shared library C:\Program Files\Java\jdk-21\bin\net.dll
Event: 0.180 Loaded shared library C:\Program Files\Java\jdk-21\bin\nio.dll
Event: 0.192 Loaded shared library C:\Program Files\Java\jdk-21\bin\zip.dll
Event: 0.591 Loaded shared library C:\Program Files\Java\jdk-21\bin\jimage.dll
Event: 0.592 Loaded shared library C:\Program Files\NetBeans-23\netbeans\java\maven\lib\jansi-native\Windows\x86_64\jansi.dll
Event: 0.633 Loaded shared library C:\Program Files\Java\jdk-21\bin\verify.dll

Deoptimization events (20 events):
Event: 6.903 Thread 0x0000024c71e43870 Uncommon trap: trap_request=0xffffff45 fr.pc=0x0000024c07b43464 relative=0x00000000000000c4
Event: 6.903 Thread 0x0000024c71e43870 Uncommon trap: reason=unstable_if action=reinterpret pc=0x0000024c07b43464 method=java.nio.Buffer.limit(I)Ljava/nio/Buffer; @ 42 c2
Event: 6.903 Thread 0x0000024c71e43870 DEOPT PACKING pc=0x0000024c07b43464 sp=0x00000051d2bfce10
Event: 6.903 Thread 0x0000024c71e43870 DEOPT UNPACKING pc=0x0000024c0758469c sp=0x00000051d2bfcd98 mode 2
Event: 6.903 Thread 0x0000024c71e43870 Uncommon trap: trap_request=0xffffffc6 fr.pc=0x0000024c07b43ae4 relative=0x0000000000000384
Event: 6.903 Thread 0x0000024c71e43870 Uncommon trap: reason=bimorphic_or_optimized_type_check action=maybe_recompile pc=0x0000024c07b43ae4 method=java.nio.Buffer.<init>(IIIILjava/lang/foreign/MemorySegment;)V @ 39 c2
Event: 6.903 Thread 0x0000024c71e43870 DEOPT PACKING pc=0x0000024c07b43ae4 sp=0x00000051d2bfcad0
Event: 6.903 Thread 0x0000024c71e43870 DEOPT UNPACKING pc=0x0000024c0758469c sp=0x00000051d2bfca78 mode 2
Event: 6.956 Thread 0x0000024c71e43870 Uncommon trap: trap_request=0xffffff45 fr.pc=0x0000024c07b57be0 relative=0x00000000000006a0
Event: 6.956 Thread 0x0000024c71e43870 Uncommon trap: reason=unstable_if action=reinterpret pc=0x0000024c07b57be0 method=java.lang.String.replace(CC)Ljava/lang/String; @ 2 c2
Event: 6.956 Thread 0x0000024c71e43870 DEOPT PACKING pc=0x0000024c07b57be0 sp=0x00000051d2bfdc80
Event: 6.956 Thread 0x0000024c71e43870 DEOPT UNPACKING pc=0x0000024c0758469c sp=0x00000051d2bfdc40 mode 2
Event: 7.048 Thread 0x0000024c71e43870 Uncommon trap: trap_request=0xffffffc6 fr.pc=0x0000024c07bb01f0 relative=0x00000000000008b0
Event: 7.048 Thread 0x0000024c71e43870 Uncommon trap: reason=bimorphic_or_optimized_type_check action=maybe_recompile pc=0x0000024c07bb01f0 method=java.util.HashMap.putVal(ILjava/lang/Object;Ljava/lang/Object;ZZ)Ljava/lang/Object; @ 203 c2
Event: 7.048 Thread 0x0000024c71e43870 DEOPT PACKING pc=0x0000024c07bb01f0 sp=0x00000051d2bfc010
Event: 7.048 Thread 0x0000024c71e43870 DEOPT UNPACKING pc=0x0000024c0758469c sp=0x00000051d2bfbf30 mode 2
Event: 7.153 Thread 0x0000024c71e43870 Uncommon trap: trap_request=0xffffff45 fr.pc=0x0000024c07b4d848 relative=0x0000000000000328
Event: 7.153 Thread 0x0000024c71e43870 Uncommon trap: reason=unstable_if action=reinterpret pc=0x0000024c07b4d848 method=java.lang.String.<init>([CIILjava/lang/Void;)V @ 5 c2
Event: 7.153 Thread 0x0000024c71e43870 DEOPT PACKING pc=0x0000024c07b4d848 sp=0x00000051d2bfd720
Event: 7.153 Thread 0x0000024c71e43870 DEOPT UNPACKING pc=0x0000024c0758469c sp=0x00000051d2bfd6e0 mode 2

Classes loaded (20 events):
Event: 7.144 Loading class java/nio/file/AccessMode
Event: 7.144 Loading class java/nio/file/AccessMode done
Event: 7.144 Loading class sun/nio/fs/WindowsFileSystemProvider$1
Event: 7.144 Loading class sun/nio/fs/WindowsFileSystemProvider$1 done
Event: 7.149 Loading class sun/nio/ch/FileLockImpl
Event: 7.150 Loading class sun/nio/ch/FileLockImpl done
Event: 7.150 Loading class sun/nio/ch/FileLockTable
Event: 7.151 Loading class sun/nio/ch/FileLockTable done
Event: 7.151 Loading class sun/nio/ch/FileKey
Event: 7.151 Loading class sun/nio/ch/FileKey done
Event: 7.152 Loading class sun/nio/ch/FileLockTable$FileLockReference
Event: 7.152 Loading class sun/nio/ch/FileLockTable$FileLockReference done
Event: 7.152 Loading class java/nio/channels/spi/AbstractInterruptibleChannel$1
Event: 7.152 Loading class sun/nio/ch/Interruptible
Event: 7.152 Loading class sun/nio/ch/Interruptible done
Event: 7.153 Loading class java/nio/channels/spi/AbstractInterruptibleChannel$1 done
Event: 7.156 Loading class java/util/AbstractMap$2
Event: 7.156 Loading class java/util/AbstractMap$2 done
Event: 7.156 Loading class java/util/AbstractMap$2$1
Event: 7.157 Loading class java/util/AbstractMap$2$1 done

Classes unloaded (0 events):
No events

Classes redefined (0 events):
No events

Internal exceptions (20 events):
Event: 2.428 Thread 0x0000024c71e43870 Exception <a 'java/lang/NoClassDefFoundError'{0x00000000c6bd6638}: javax/enterprise/inject/Typed> (0x00000000c6bd6638) 
thrown [s\open\src\hotspot\share\classfile\systemDictionary.cpp, line 301]
Event: 4.974 Thread 0x0000024c71e43870 Exception <a 'java/lang/NoSuchMethodError'{0x00000000c52563b8}: 'void java.lang.invoke.DirectMethodHandle$Holder.invokeStaticInit(java.lang.Object, java.lang.Object, java.lang.Object)'> (0x00000000c52563b8) 
thrown [s\open\src\hotspot\share\interpreter\linkResolver.cpp, line 773]
Event: 4.988 Thread 0x0000024c71e43870 Exception <a 'java/lang/ExceptionInInitializerError'{0x00000000c527ef38}> (0x00000000c527ef38) 
thrown [s\open\src\hotspot\share\oops\instanceKlass.cpp, line 1192]
Event: 5.075 Thread 0x0000024c71e43870 Exception <a 'java/lang/NoSuchMethodError'{0x00000000c518ca98}: 'long java.lang.invoke.DirectMethodHandle$Holder.invokeStatic(java.lang.Object, java.lang.Object, int)'> (0x00000000c518ca98) 
thrown [s\open\src\hotspot\share\interpreter\linkResolver.cpp, line 773]
Event: 5.081 Thread 0x0000024c71e43870 Exception <a 'java/lang/NoSuchMethodError'{0x00000000c51a0070}: 'java.lang.Object java.lang.invoke.DirectMethodHandle$Holder.invokeStatic(java.lang.Object, java.lang.Object, java.lang.Object, java.lang.Object, int)'> (0x00000000c51a0070) 
thrown [s\open\src\hotspot\share\interpreter\linkResolver.cpp, line 773]
Event: 5.086 Thread 0x0000024c71e43870 Exception <a 'java/lang/NoSuchMethodError'{0x00000000c51a7fa8}: 'java.lang.Object java.lang.invoke.DirectMethodHandle$Holder.invokeSpecial(java.lang.Object, java.lang.Object, java.lang.Object, java.lang.Object, long)'> (0x00000000c51a7fa8) 
thrown [s\open\src\hotspot\share\interpreter\linkResolver.cpp, line 773]
Event: 5.091 Thread 0x0000024c71e43870 Exception <a 'java/lang/NoSuchMethodError'{0x00000000c51b3ac8}: 'java.lang.Object java.lang.invoke.DirectMethodHandle$Holder.invokeSpecial(java.lang.Object, java.lang.Object, java.lang.Object, int, java.lang.Object)'> (0x00000000c51b3ac8) 
thrown [s\open\src\hotspot\share\interpreter\linkResolver.cpp, line 773]
Event: 5.093 Thread 0x0000024c71e43870 Exception <a 'java/lang/NoSuchMethodError'{0x00000000c51bbc08}: 'int java.lang.invoke.DirectMethodHandle$Holder.invokeSpecial(java.lang.Object, java.lang.Object, java.lang.Object, int)'> (0x00000000c51bbc08) 
thrown [s\open\src\hotspot\share\interpreter\linkResolver.cpp, line 773]
Event: 5.106 Thread 0x0000024c71e43870 Implicit null exception at 0x0000024c07b6ae3d to 0x0000024c07b6afd0
Event: 5.117 Thread 0x0000024c71e43870 Exception <a 'java/lang/NoSuchMethodError'{0x00000000c51e0338}: 'java.lang.Object java.lang.invoke.Invokers$Holder.invokeExact_MT(java.lang.Object, int, java.lang.Object)'> (0x00000000c51e0338) 
thrown [s\open\src\hotspot\share\interpreter\linkResolver.cpp, line 773]
Event: 5.959 Thread 0x0000024c71e43870 Exception <a 'java/lang/NoSuchMethodError'{0x00000000c6d6a178}: 'void java.lang.invoke.Invokers$Holder.invokeExact_MT(java.lang.Object, java.lang.Object, java.lang.Object, java.lang.Object)'> (0x00000000c6d6a178) 
thrown [s\open\src\hotspot\share\interpreter\linkResolver.cpp, line 773]
Event: 6.029 Thread 0x0000024c71e43870 Exception <a 'java/lang/NoClassDefFoundError'{0x00000000c6dfba70}: com/google/inject/servlet/ServletModuleTargetVisitor> (0x00000000c6dfba70) 
thrown [s\open\src\hotspot\share\classfile\systemDictionary.cpp, line 301]
Event: 6.261 Thread 0x0000024c71e43870 Exception <a 'java/lang/NoSuchMethodError'{0x00000000c6a9fa00}: 'void java.lang.invoke.DirectMethodHandle$Holder.invokeVirtual(java.lang.Object, java.lang.Object)'> (0x00000000c6a9fa00) 
thrown [s\open\src\hotspot\share\interpreter\linkResolver.cpp, line 773]
Event: 6.375 Thread 0x0000024c71e43870 Exception <a 'java/lang/NoSuchMethodError'{0x00000000c692e9c0}: 'java.lang.Object java.lang.invoke.DirectMethodHandle$Holder.invokeStaticInit(java.lang.Object, int, int, int, int)'> (0x00000000c692e9c0) 
thrown [s\open\src\hotspot\share\interpreter\linkResolver.cpp, line 773]
Event: 6.836 Thread 0x0000024c71e43870 Exception <a 'java/lang/NoSuchMethodError'{0x00000000c65b6690}: 'void java.lang.invoke.DirectMethodHandle$Holder.invokeSpecial(java.lang.Object, java.lang.Object, java.lang.Object, java.lang.Object, java.lang.Object)'> (0x00000000c65b6690) 
thrown [s\open\src\hotspot\share\interpreter\linkResolver.cpp, line 773]
Event: 6.846 Thread 0x0000024c71e43870 Exception <a 'java/lang/NoSuchMethodError'{0x00000000c65d04c8}: 'java.lang.Object java.lang.invoke.DirectMethodHandle$Holder.invokeVirtual(java.lang.Object, java.lang.Object, java.lang.Object)'> (0x00000000c65d04c8) 
thrown [s\open\src\hotspot\share\interpreter\linkResolver.cpp, line 773]
Event: 6.855 Thread 0x0000024c71e43870 Exception <a 'java/lang/NoSuchMethodError'{0x00000000c65e1980}: 'void java.lang.invoke.DirectMethodHandle$Holder.invokeSpecial(java.lang.Object, java.lang.Object, java.lang.Object, java.lang.Object, java.lang.Object, java.lang.Object)'> (0x00000000c65e1980) 
thrown [s\open\src\hotspot\share\interpreter\linkResolver.cpp, line 773]
Event: 6.990 Thread 0x0000024c71e43870 Exception <a 'java/lang/NoSuchMethodError'{0x00000000c63668b8}: 'void java.lang.invoke.DirectMethodHandle$Holder.invokeVirtual(java.lang.Object, java.lang.Object, int)'> (0x00000000c63668b8) 
thrown [s\open\src\hotspot\share\interpreter\linkResolver.cpp, line 773]
Event: 6.992 Thread 0x0000024c71e43870 Exception <a 'java/lang/NoSuchMethodError'{0x00000000c636a668}: 'void java.lang.invoke.DirectMethodHandle$Holder.invokeSpecial(java.lang.Object, java.lang.Object, java.lang.Object, int)'> (0x00000000c636a668) 
thrown [s\open\src\hotspot\share\interpreter\linkResolver.cpp, line 773]
Event: 6.993 Thread 0x0000024c71e43870 Exception <a 'java/lang/NoSuchMethodError'{0x00000000c636dd38}: 'void java.lang.invoke.DelegatingMethodHandle$Holder.reinvoke_L(java.lang.Object, java.lang.Object, int)'> (0x00000000c636dd38) 
thrown [s\open\src\hotspot\share\interpreter\linkResolver.cpp, line 773]

ZGC Phase Switch (0 events):
No events

VM Operations (20 events):
Event: 5.259 Executing VM operation: HandshakeAllThreads (Deoptimize)
Event: 5.259 Executing VM operation: HandshakeAllThreads (Deoptimize) done
Event: 5.267 Executing VM operation: HandshakeAllThreads (Deoptimize)
Event: 5.267 Executing VM operation: HandshakeAllThreads (Deoptimize) done
Event: 5.470 Executing VM operation: HandshakeAllThreads (Deoptimize)
Event: 5.470 Executing VM operation: HandshakeAllThreads (Deoptimize) done
Event: 5.734 Executing VM operation: G1CollectForAllocation (G1 Evacuation Pause)
Event: 5.752 Executing VM operation: G1CollectForAllocation (G1 Evacuation Pause) done
Event: 5.939 Executing VM operation: HandshakeAllThreads (Deoptimize)
Event: 5.939 Executing VM operation: HandshakeAllThreads (Deoptimize) done
Event: 6.299 Executing VM operation: HandshakeAllThreads (Deoptimize)
Event: 6.299 Executing VM operation: HandshakeAllThreads (Deoptimize) done
Event: 6.433 Executing VM operation: HandshakeAllThreads (Deoptimize)
Event: 6.433 Executing VM operation: HandshakeAllThreads (Deoptimize) done
Event: 6.549 Executing VM operation: HandshakeAllThreads (Deoptimize)
Event: 6.550 Executing VM operation: HandshakeAllThreads (Deoptimize) done
Event: 6.606 Executing VM operation: ICBufferFull
Event: 6.606 Executing VM operation: ICBufferFull done
Event: 6.716 Executing VM operation: HandshakeAllThreads (Deoptimize)
Event: 6.716 Executing VM operation: HandshakeAllThreads (Deoptimize) done

Events (13 events):
Event: 0.054 Thread 0x0000024c71e43870 Thread added: 0x0000024c71e43870
Event: 0.091 Thread 0x0000024c7da51a40 Thread added: 0x0000024c7da51a40
Event: 0.091 Thread 0x0000024c7da52750 Thread added: 0x0000024c7da52750
Event: 0.092 Thread 0x0000024c7da546b0 Thread added: 0x0000024c7da546b0
Event: 0.092 Thread 0x0000024c7da55100 Thread added: 0x0000024c7da55100
Event: 0.093 Thread 0x0000024c7da55b50 Thread added: 0x0000024c7da55b50
Event: 0.093 Thread 0x0000024c7da585b0 Thread added: 0x0000024c7da585b0
Event: 0.093 Thread 0x0000024c7da700c0 Thread added: 0x0000024c7da700c0
Event: 0.093 Thread 0x0000024c7da70b50 Thread added: 0x0000024c7da70b50
Event: 0.154 Thread 0x0000024c7dcbfe50 Thread added: 0x0000024c7dcbfe50
Event: 0.164 Thread 0x0000024c7dcc0a80 Thread added: 0x0000024c7dcc0a80
Event: 0.586 Thread 0x0000024c7ddff8d0 Thread added: 0x0000024c7ddff8d0
Event: 0.614 Thread 0x0000024c7ddff8d0 Thread exited: 0x0000024c7ddff8d0


Dynamic libraries:
0x00007ff66f670000 - 0x00007ff66f680000 	C:\Program Files\Java\jdk-21\bin\java.exe
0x00007fff5cd50000 - 0x00007fff5cf48000 	C:\Windows\SYSTEM32\ntdll.dll
0x00007fff5c1c0000 - 0x00007fff5c282000 	C:\Windows\System32\KERNEL32.DLL
0x00007fff5a5e0000 - 0x00007fff5a8de000 	C:\Windows\System32\KERNELBASE.dll
0x00007fff5ac70000 - 0x00007fff5ad70000 	C:\Windows\System32\ucrtbase.dll
0x00007fff33540000 - 0x00007fff3355b000 	C:\Program Files\Java\jdk-21\bin\VCRUNTIME140.dll
0x00007fff57160000 - 0x00007fff57179000 	C:\Program Files\Java\jdk-21\bin\jli.dll
0x00007fff5b170000 - 0x00007fff5b221000 	C:\Windows\System32\ADVAPI32.dll
0x00007fff5b3e0000 - 0x00007fff5b47e000 	C:\Windows\System32\msvcrt.dll
0x00007fff5af40000 - 0x00007fff5afdf000 	C:\Windows\System32\sechost.dll
0x00007fff5cbe0000 - 0x00007fff5cd03000 	C:\Windows\System32\RPCRT4.dll
0x00007fff5a8e0000 - 0x00007fff5a907000 	C:\Windows\System32\bcrypt.dll
0x00007fff5c840000 - 0x00007fff5c9dd000 	C:\Windows\System32\USER32.dll
0x00007fff4a6e0000 - 0x00007fff4a97a000 	C:\Windows\WinSxS\amd64_microsoft.windows.common-controls_6595b64144ccf1df_6.0.19041.4355_none_60b8b9eb71f62e16\COMCTL32.dll
0x00007fff5a960000 - 0x00007fff5a982000 	C:\Windows\System32\win32u.dll
0x00007fff5b5c0000 - 0x00007fff5b5eb000 	C:\Windows\System32\GDI32.dll
0x00007fff5aa30000 - 0x00007fff5ab47000 	C:\Windows\System32\gdi32full.dll
0x00007fff5a990000 - 0x00007fff5aa2d000 	C:\Windows\System32\msvcp_win.dll
0x00007fff4d770000 - 0x00007fff4d77a000 	C:\Windows\SYSTEM32\VERSION.dll
0x00007fff5c120000 - 0x00007fff5c14f000 	C:\Windows\System32\IMM32.DLL
0x00007fff33530000 - 0x00007fff3353c000 	C:\Program Files\Java\jdk-21\bin\vcruntime140_1.dll
0x00007fff3e070000 - 0x00007fff3e0fe000 	C:\Program Files\Java\jdk-21\bin\msvcp140.dll
0x00007fff33560000 - 0x00007fff34278000 	C:\Program Files\Java\jdk-21\bin\server\jvm.dll
0x00007fff5cb60000 - 0x00007fff5cbcb000 	C:\Windows\System32\WS2_32.dll
0x00007fff598f0000 - 0x00007fff5993b000 	C:\Windows\SYSTEM32\POWRPROF.dll
0x00007fff4ad90000 - 0x00007fff4adb7000 	C:\Windows\SYSTEM32\WINMM.dll
0x00007fff597b0000 - 0x00007fff597c2000 	C:\Windows\SYSTEM32\UMPDC.dll
0x00007fff58230000 - 0x00007fff58242000 	C:\Windows\SYSTEM32\kernel.appcore.dll
0x00007fff334c0000 - 0x00007fff334ca000 	C:\Program Files\Java\jdk-21\bin\jimage.dll
0x00007fff46920000 - 0x00007fff46b04000 	C:\Windows\SYSTEM32\DBGHELP.DLL
0x00007fff468e0000 - 0x00007fff46914000 	C:\Windows\SYSTEM32\dbgcore.DLL
0x00007fff5a3f0000 - 0x00007fff5a472000 	C:\Windows\System32\bcryptPrimitives.dll
0x00007fff334d0000 - 0x00007fff334ef000 	C:\Program Files\Java\jdk-21\bin\java.dll
0x00007fff5b9b0000 - 0x00007fff5c11d000 	C:\Windows\System32\SHELL32.dll
0x00007fff58430000 - 0x00007fff58bd4000 	C:\Windows\SYSTEM32\windows.storage.dll
0x00007fff5b650000 - 0x00007fff5b9a3000 	C:\Windows\System32\combase.dll
0x00007fff59d40000 - 0x00007fff59d6e000 	C:\Windows\SYSTEM32\Wldp.dll
0x00007fff5ca90000 - 0x00007fff5cb5d000 	C:\Windows\System32\OLEAUT32.dll
0x00007fff5ae90000 - 0x00007fff5af3d000 	C:\Windows\System32\SHCORE.dll
0x00007fff5b110000 - 0x00007fff5b165000 	C:\Windows\System32\shlwapi.dll
0x00007fff5a320000 - 0x00007fff5a344000 	C:\Windows\SYSTEM32\profapi.dll
0x00007fff34500000 - 0x00007fff345d7000 	C:\Program Files\Java\jdk-21\bin\jsvml.dll
0x00007fff344f0000 - 0x00007fff34500000 	C:\Program Files\Java\jdk-21\bin\net.dll
0x00007fff53c60000 - 0x00007fff53d6d000 	C:\Windows\SYSTEM32\WINHTTP.dll
0x00007fff59b20000 - 0x00007fff59b8a000 	C:\Windows\system32\mswsock.dll
0x00007fff344d0000 - 0x00007fff344e6000 	C:\Program Files\Java\jdk-21\bin\nio.dll
0x00007fff344b0000 - 0x00007fff344c8000 	C:\Program Files\Java\jdk-21\bin\zip.dll
0x00007fff57130000 - 0x00007fff57154000 	C:\Program Files\NetBeans-23\netbeans\java\maven\lib\jansi-native\Windows\x86_64\jansi.dll
0x00007fff344a0000 - 0x00007fff344b0000 	C:\Program Files\Java\jdk-21\bin\verify.dll

dbghelp: loaded successfully - version: 4.0.5 - missing functions: none
symbol engine: initialized successfully - sym options: 0x614 - pdb path: .;C:\Program Files\Java\jdk-21\bin;C:\Windows\SYSTEM32;C:\Windows\WinSxS\amd64_microsoft.windows.common-controls_6595b64144ccf1df_6.0.19041.4355_none_60b8b9eb71f62e16;C:\Program Files\Java\jdk-21\bin\server;C:\Program Files\NetBeans-23\netbeans\java\maven\lib\jansi-native\Windows\x86_64

VM Arguments:
jvm_args: -Dclassworlds.conf=C:\Program Files\NetBeans-23\netbeans\java\maven\bin\m2.conf -Dmaven.home=C:\Program Files\NetBeans-23\netbeans\java\maven -Dlibrary.jansi.path=C:\Program Files\NetBeans-23\netbeans\java\maven\lib\jansi-native -Dmaven.multiModuleProjectDirectory=C:\Users\Erio\Desktop\Tabalhos do jhonatas san\prg03presistencia1 
java_command: org.codehaus.plexus.classworlds.launcher.Launcher -Dexec.vmArgs= -Dexec.args=${exec.vmArgs} -classpath %classpath ${exec.mainClass} ${exec.appArgs} -Dexec.executable=C:\Program Files\Java\jdk-21\bin\java.exe -Dexec.mainClass=br.com.ifba.curso.view.CursoListar -Dexec.classpathScope=runtime -Dexec.appArgs= -Dmaven.ext.class.path=C:\Program Files\NetBeans-23\netbeans\java\maven-nblib\netbeans-eventspy.jar --no-transfer-progress process-classes org.codehaus.mojo:exec-maven-plugin:3.1.0:exec
java_class_path (initial): C:\Program Files\NetBeans-23\netbeans\java\maven\boot\plexus-classworlds-2.8.0.jar
Launcher Type: SUN_STANDARD

[Global flags]
     intx CICompilerCount                          = 3                                         {product} {ergonomic}
     uint ConcGCThreads                            = 1                                         {product} {ergonomic}
     uint G1ConcRefinementThreads                  = 4                                         {product} {ergonomic}
   size_t G1HeapRegionSize                         = 1048576                                   {product} {ergonomic}
    uintx GCDrainStackTargetSize                   = 64                                        {product} {ergonomic}
   size_t InitialHeapSize                          = 65011712                                  {product} {ergonomic}
   size_t MarkStackSize                            = 4194304                                   {product} {ergonomic}
   size_t MaxHeapSize                              = 1021313024                                {product} {ergonomic}
   size_t MaxNewSize                               = 612368384                                 {product} {ergonomic}
   size_t MinHeapDeltaBytes                        = 1048576                                   {product} {ergonomic}
   size_t MinHeapSize                              = 8388608                                   {product} {ergonomic}
    uintx NonNMethodCodeHeapSize                   = 5832780                                {pd product} {ergonomic}
    uintx NonProfiledCodeHeapSize                  = 122912730                              {pd product} {ergonomic}
    uintx ProfiledCodeHeapSize                     = 122912730                              {pd product} {ergonomic}
    uintx ReservedCodeCacheSize                    = 251658240                              {pd product} {ergonomic}
     bool SegmentedCodeCache                       = true                                      {product} {ergonomic}
   size_t SoftMaxHeapSize                          = 1021313024                             {manageable} {ergonomic}
     bool UseCompressedOops                        = true                           {product lp64_product} {ergonomic}
     bool UseG1GC                                  = true                                      {product} {ergonomic}
     bool UseLargePagesIndividualAllocation        = false                                  {pd product} {ergonomic}

Logging:
Log output configuration:
 #0: stdout all=warning uptime,level,tags foldmultilines=false
 #1: stderr all=off uptime,level,tags foldmultilines=false

Environment Variables:
JAVA_HOME=C:\Program Files\Java\jdk-21
PATH=C:\Program Files\Java\jdk-21\bin;C:\Windows\system32;C:\Windows;C:\Windows\System32\Wbem;C:\Windows\System32\WindowsPowerShell\v1.0\;C:\Windows\System32\OpenSSH\;C:\Program Files\Git\cmd;C:\Users\Erio\AppData\Local\Microsoft\WindowsApps;C:\Users\Erio\AppData\Local\Programs\Microsoft VS Code\bin;C:\MinGW\bin;C:\Program Files\Java\jdk-21\bin;C:\Users\Erio\AppData\Local\GitHubDesktop\bin
USERNAME=Erio
OS=Windows_NT
PROCESSOR_IDENTIFIER=Intel64 Family 6 Model 37 Stepping 5, GenuineIntel
TMP=C:\Users\Erio\AppData\Local\Temp
TEMP=C:\Users\Erio\AppData\Local\Temp




Periodic native trim disabled

---------------  S Y S T E M  ---------------

OS:
 Windows 10 , 64 bit Build 19041 (10.0.19041.5198)
OS uptime: 0 days 4:36 hours
Hyper-V role detected

CPU: total 4 (initial active 4) (2 cores per cpu, 2 threads per core) family 6 model 37 stepping 5 microcode 0x7, cx8, cmov, fxsr, ht, mmx, sse, sse2, sse3, ssse3, sse4.1, sse4.2, popcnt, tsc, tscinvbit, clflush, hv, rdtscp
Processor Information for all 4 processors :
  Max Mhz: 2533, Current Mhz: 2533, Mhz Limit: 2533

Memory: 4k page, system-wide physical 3892M (285M free)
TotalPageFile size 8678M (AvailPageFile size 1258M)
current process WorkingSet (physical memory assigned to process): 117M, peak: 118M
current process commit charge ("private bytes"): 169M, peak: 170M

vm_info: Java HotSpot(TM) 64-Bit Server VM (21.0.5+9-LTS-239) for windows-amd64 JRE (21.0.5+9-LTS-239), built on 2024-09-30T05:17:38Z by "mach5one" with MS VC++ 17.6 (VS2022)

END.
