#
# A fatal error has been detected by the Java Runtime Environment:
#
#  EXCEPTION_ACCESS_VIOLATION (0xc0000005) at pc=0x0000000040000000, pid=4484, tid=6528
#
# JRE version: Java(TM) SE Runtime Environment (21.0.5+9) (build 21.0.5+9-LTS-239)
# Java VM: Java HotSpot(TM) 64-Bit Server VM (21.0.5+9-LTS-239, mixed mode, sharing, tiered, compressed oops, compressed class ptrs, g1 gc, windows-amd64)
# Problematic frame:
# V  [jvm.dll+0x356159]
#
# No core dump will be written. Minidumps are not enabled by default on client versions of Windows
#
# If you would like to submit a bug report, please visit:
#   https://bugreport.java.com/bugreport/crash.jsp
#

---------------  S U M M A R Y ------------

Command Line: br.com.ifba.curso.view.CursoListar

Host: Intel(R) Core(TM) i3 CPU       M 380  @ 2.53GHz, 4 cores, 3G,  Windows 10 , 64 bit Build 19041 (10.0.19041.5198)
Time: Mon Dec 23 05:01:48 2024 Hora oficial do Brasil elapsed time: 10.786948 seconds (0d 0h 0m 10s)

---------------  T H R E A D  ---------------

Current thread (0x00000195e03f2980):  WorkerThread "GC Thread#1"    [id=6528, stack(0x0000003fd6100000,0x0000003fd6200000) (1024K)]

Stack: [0x0000003fd6100000,0x0000003fd6200000],  sp=0x0000003fd61ffaa0,  free space=1022k
Native frames: (J=compiled Java code, j=interpreted, Vv=VM code, C=native code)
C  0x0000000040000000


siginfo: EXCEPTION_ACCESS_VIOLATION (0xc0000005), data execution prevention violation at address 0x0000000040000000


Registers:
RAX=0x0000000000000195, RBX=0x0000000000000001, RCX=0x00000195e0ec3da8, RDX=0x00000000c464a918
RSP=0x0000003fd61ffa98, RBP=0x00000195e0ec3c20, RSI=0x00000000c464a918, RDI=0x0000000000000001
R8 =0x000001959b0ee480, R9 =0x00007fff2533be40, R10=0x0000000000000000, R11=0x0000003fd61ff8d0
R12=0x1ff88c952600000f, R13=0x000001959b0ee480, R14=0x00000000c464a918, R15=0x1ff88c952600000f
RIP=0x0000000040000000, EFLAGS=0x0000000000010202


Register to memory mapping:

RAX=0x0000000000000195 is an unknown value
RBX=0x0000000000000001 is an unknown value
RCX=0x00000195e0ec3da8 points into unknown readable memory: 0x00007fff25157530 | 30 75 15 25 ff 7f 00 00
RDX=
[error occurred during error reporting (printing register info), id 0xc0000005, EXCEPTION_ACCESS_VIOLATION (0xc0000005) at pc=0x00007fff248bd5a1]
RSP=0x0000003fd61ffa98 points into unknown readable memory: 0x00007fff24ad6159 | 59 61 ad 24 ff 7f 00 00
RBP=0x00000195e0ec3c20 points into unknown readable memory: 0x00007fff25157578 | 78 75 15 25 ff 7f 00 00
RSI=
[error occurred during error reporting (printing register info, attempt 2), id 0xc0000005, EXCEPTION_ACCESS_VIOLATION (0xc0000005) at pc=0x00007fff248bd5a1]
RDI=0x0000000000000001 is an unknown value
R8 =0x000001959b0ee480 is pointing into metadata
R9 =0x00007fff2533be40 jvm.dll
R10=0x0 is null
R11=0x0000003fd61ff8d0 points into unknown readable memory: 0x00000195fd26d460 | 60 d4 26 fd 95 01 00 00
R12=0x1ff88c952600000f is an unknown value
R13=0x000001959b0ee480 is pointing into metadata
R14=
[error occurred during error reporting (printing register info, attempt 3), id 0xc0000005, EXCEPTION_ACCESS_VIOLATION (0xc0000005) at pc=0x00007fff248bd5a1]
Top of Stack: (sp=0x0000003fd61ffa98)
0x0000003fd61ffa98:   00007fff24ad6159 0000000000000001
0x0000003fd61ffaa8:   00000195e0ec3c20 00000000c464a918
0x0000003fd61ffab8:   00007fff24ad41bf 00000000c44e8500
0x0000003fd61ffac8:   00000195e0ec3da8 00000195e0ec3c20
0x0000003fd61ffad8:   000001959b0ee480 00000195e0ec3c20
0x0000003fd61ffae8:   0000000000000000 0000000000000000
0x0000003fd61ffaf8:   00007fff24ad578c 0000000000000001
0x0000003fd61ffb08:   00000000c464a918 ffc464a930000078
0x0000003fd61ffb18:   0000000000000000 0000000000000000
0x0000003fd61ffb28:   0000019500000000 0000000000000001
0x0000003fd61ffb38:   00000195fd26d320 0000003fd61ffbc0
0x0000003fd61ffb48:   00007fff24ac9dd2 00000195e0ec3da8
0x0000003fd61ffb58:   0000000000000000 0000000000000000
0x0000003fd61ffb68:   00000195e0ec3c20 000001959950f738
0x0000003fd61ffb78:   00000195e0ec3c20 00000195fd2175b0
0x0000003fd61ffb88:   00000000000004ce 00000000c44e85c0
0x0000003fd61ffb98:   00007fff24ad68d3 00000000c4640000
0x0000003fd61ffba8:   0000000000000001 0000019500000000
0x0000003fd61ffbb8:   ffc464a930000078 000001959950f350
0x0000003fd61ffbc8:   00000195e0389030 0000003fd52feed0
0x0000003fd61ffbd8:   0000003fd61ffcc0 0000003fd61ffc50
0x0000003fd61ffbe8:   00007fff24aeb1d4 0000003fd61ffcd9
0x0000003fd61ffbf8:   00000195e0ec3c20 0000000000000001
0x0000003fd61ffc08:   00007fff24f89bde 0000003fd52feed0
0x0000003fd61ffc18:   00007fff24e42f4f 0000000000000000
0x0000003fd61ffc28:   0000000000000000 00000195e0000000
0x0000003fd61ffc38:   00007fff24ae139f 00000195e0389030
0x0000003fd61ffc48:   00007fff24f89b47 000001959950f350
0x0000003fd61ffc58:   00000195e0389030 00000000000003d8
0x0000003fd61ffc68:   000001959950f738 0000000000000001
0x0000003fd61ffc78:   00007fff24aeb90a 00000195e0ec3c20
0x0000003fd61ffc88:   0000000000000014 0000003fd52feed0 

Instructions: (pc=0x00007fff24ad6159)
0x00007fff24ad6059:   4d 08 4c 8b c6 e8 cd 29 fd ff 48 8b bd 40 02 00
0x00007fff24ad6069:   00 0f b6 c3 4c 8b 74 24 68 24 03 3c 01 75 0f 48
0x00007fff24ad6079:   b8 00 ff ff ff 7f 00 00 00 48 85 d8 74 39 48 8b
0x00007fff24ad6089:   57 20 48 89 74 24 30 48 89 5c 24 38 48 3b 57 08
0x00007fff24ad6099:   75 0a 48 8b cf e8 3d f2 f2 ff 33 d2 48 8b 47 38
0x00007fff24ad60a9:   48 8b ca 0f 28 44 24 30 48 03 c9 0f 11 04 c8 48
0x00007fff24ad60b9:   8d 42 01 48 89 47 20 80 3d d3 64 86 00 00 48 8b
0x00007fff24ad60c9:   7c 24 60 74 15 8b 46 08 8b 0d a1 4e 86 00 48 d3
0x00007fff24ad60d9:   e0 48 03 05 8f 4e 86 00 eb 04 48 8b 46 08 83 78
0x00007fff24ad60e9:   0c 04 75 17 48 63 05 14 37 8c 00 0f b6 04 30 a8
0x00007fff24ad60f9:   08 75 08 48 8b ce e8 2c 7a 3f 00 48 8d 8d 48 02
0x00007fff24ad6109:   00 00 49 8b d7 48 8b 01 ff 10 c7 85 a8 01 00 00
0x00007fff24ad6119:   00 00 00 00 80 3d 76 64 86 00 00 74 16 44 8b 46
0x00007fff24ad6129:   08 8b 0d 48 4e 86 00 49 d3 e0 4c 03 05 36 4e 86
0x00007fff24ad6139:   00 eb 04 4c 8b 46 08 49 63 40 0c 4c 8d 0d f5 5c
0x00007fff24ad6149:   86 00 48 8d 8d 88 01 00 00 48 8b d6 41 ff 14 c1
0x00007fff24ad6159:   48 8b c6 48 8b 5c 24 70 48 83 c4 40 41 5f 5e 5d
0x00007fff24ad6169:   c3 cc cc cc cc cc cc 48 89 5c 24 08 57 48 83 ec
0x00007fff24ad6179:   20 48 8b 79 10 48 8b da 8b 97 80 00 00 00 8b 87
0x00007fff24ad6189:   00 01 00 00 8b ca 2b c8 81 e1 ff ff 01 00 81 f9
0x00007fff24ad6199:   fe ff 01 00 73 24 48 8b 87 80 01 00 00 48 89 1c
0x00007fff24ad61a9:   d0 8d 42 01 25 ff ff 01 00 89 87 80 00 00 00 48
0x00007fff24ad61b9:   8b 5c 24 30 48 83 c4 20 5f c3 48 8b 8f a0 02 00
0x00007fff24ad61c9:   00 48 3b 8f 88 02 00 00 75 0e 48 8d 8f 80 02 00
0x00007fff24ad61d9:   00 e8 91 f0 f2 ff 33 c9 48 8b 87 b8 02 00 00 48
0x00007fff24ad61e9:   89 1c c8 48 8d 41 01 48 8b 5c 24 30 48 89 87 a0
0x00007fff24ad61f9:   02 00 00 48 83 c4 20 5f c3 cc cc cc cc cc cc cc
0x00007fff24ad6209:   cc cc cc cc cc cc cc 48 89 5c 24 10 48 89 6c 24
0x00007fff24ad6219:   18 56 48 83 ec 30 33 db 48 8b ea 48 8b f1 39 99
0x00007fff24ad6229:   c8 01 00 00 76 67 48 89 7c 24 40 0f 1f 40 00 0f
0x00007fff24ad6239:   1f 84 00 00 00 00 00 48 8b 86 b8 01 00 00 48 8b
0x00007fff24ad6249:   14 d8 8b 45 48 48 8d 0c 80 48 8b 82 28 02 00 00 


Stack slot to memory mapping:

stack at sp + 0 slots: 0x0000000000000001 is an unknown value
stack at sp + 1 slots: 0x00000195e0ec3c20 points into unknown readable memory: 0x00007fff25157578 | 78 75 15 25 ff 7f 00 00
stack at sp + 2 slots: 
[error occurred during error reporting (inspecting top of stack), id 0xc0000005, EXCEPTION_ACCESS_VIOLATION (0xc0000005) at pc=0x00007fff248bd5a1]
stack at sp + 3 slots: 0x00007fff24ad41bf jvm.dll
stack at sp + 4 slots: 0x00000000c44e8500 is pointing into object: [Lorg.hibernate.internal.util.collections.BoundedConcurrentHashMap$HashEntry; 
{0x00000000c44e8488} - klass: 'org/hibernate/internal/util/collections/BoundedConcurrentHashMap$HashEntry'[]
 - length: 64
stack at sp + 5 slots: 0x00000195e0ec3da8 points into unknown readable memory: 0x00007fff25157530 | 30 75 15 25 ff 7f 00 00
stack at sp + 6 slots: 0x00000195e0ec3c20 points into unknown readable memory: 0x00007fff25157578 | 78 75 15 25 ff 7f 00 00
stack at sp + 7 slots: 0x000001959b0ee480 is pointing into metadata


---------------  P R O C E S S  ---------------

Threads class SMR info:
_java_thread_list=0x00000195dff781d0, length=17, elements={
0x00000195994f1290, 0x00000195994f2fb0, 0x00000195994f4ff0, 0x00000195994f5a40,
0x00000195994f6490, 0x00000195994faf00, 0x00000195994ff180, 0x0000019599508020,
0x0000019599762d50, 0x0000019599767be0, 0x00000195998a6710, 0x000001959997ed60,
0x000001959997f3c0, 0x0000019599a8a6c0, 0x00000195fb101570, 0x00000195dffdbd40,
0x00000195e0e6b950
}

Java Threads: ( => current thread )
  0x00000195994f1290 JavaThread "Reference Handler"          daemon [_thread_blocked, id=3288, stack(0x0000003fd5300000,0x0000003fd5400000) (1024K)]
  0x00000195994f2fb0 JavaThread "Finalizer"                  daemon [_thread_blocked, id=4392, stack(0x0000003fd5400000,0x0000003fd5500000) (1024K)]
  0x00000195994f4ff0 JavaThread "Signal Dispatcher"          daemon [_thread_blocked, id=1204, stack(0x0000003fd5500000,0x0000003fd5600000) (1024K)]
  0x00000195994f5a40 JavaThread "Attach Listener"            daemon [_thread_blocked, id=3892, stack(0x0000003fd5600000,0x0000003fd5700000) (1024K)]
  0x00000195994f6490 JavaThread "Service Thread"             daemon [_thread_blocked, id=5308, stack(0x0000003fd5700000,0x0000003fd5800000) (1024K)]
  0x00000195994faf00 JavaThread "Monitor Deflation Thread"   daemon [_thread_blocked, id=4364, stack(0x0000003fd5800000,0x0000003fd5900000) (1024K)]
  0x00000195994ff180 JavaThread "C2 CompilerThread0"         daemon [_thread_in_native, id=7068, stack(0x0000003fd5900000,0x0000003fd5a00000) (1024K)]
  0x0000019599508020 JavaThread "C1 CompilerThread0"         daemon [_thread_blocked, id=4284, stack(0x0000003fd5a00000,0x0000003fd5b00000) (1024K)]
  0x0000019599762d50 JavaThread "Notification Thread"        daemon [_thread_blocked, id=4656, stack(0x0000003fd5b00000,0x0000003fd5c00000) (1024K)]
  0x0000019599767be0 JavaThread "Common-Cleaner"             daemon [_thread_blocked, id=6036, stack(0x0000003fd5c00000,0x0000003fd5d00000) (1024K)]
  0x00000195998a6710 JavaThread "Java2D Disposer"            daemon [_thread_blocked, id=6784, stack(0x0000003fd5d00000,0x0000003fd5e00000) (1024K)]
  0x000001959997ed60 JavaThread "AWT-Shutdown"                      [_thread_blocked, id=4632, stack(0x0000003fd5e00000,0x0000003fd5f00000) (1024K)]
  0x000001959997f3c0 JavaThread "AWT-Windows"                daemon [_thread_in_native, id=3280, stack(0x0000003fd5f00000,0x0000003fd6000000) (1024K)]
  0x0000019599a8a6c0 JavaThread "AWT-EventQueue-0"                  [_thread_blocked, id=8492, stack(0x0000003fd6000000,0x0000003fd6100000) (1024K)]
  0x00000195fb101570 JavaThread "DestroyJavaVM"                     [_thread_blocked, id=5724, stack(0x0000003fd4b00000,0x0000003fd4c00000) (1024K)]
  0x00000195dffdbd40 JavaThread "mysql-cj-abandoned-connection-cleanup" daemon [_thread_blocked, id=1308, stack(0x0000003fd6400000,0x0000003fd6500000) (1024K)]
  0x00000195e0e6b950 JavaThread "Hibernate Connection Pool Validation Thread" daemon [_thread_blocked, id=6464, stack(0x0000003fd6600000,0x0000003fd6700000) (1024K)]
Total: 17

Other Threads:
  0x00000195fd2c9100 VMThread "VM Thread"                           [id=1116, stack(0x0000003fd5200000,0x0000003fd5300000) (1024K)]
  0x00000195994ddc00 WatcherThread "VM Periodic Task Thread"        [id=7384, stack(0x0000003fd5100000,0x0000003fd5200000) (1024K)]
  0x00000195fd234ed0 WorkerThread "GC Thread#0"                     [id=3004, stack(0x0000003fd4c00000,0x0000003fd4d00000) (1024K)]
=>0x00000195e03f2980 WorkerThread "GC Thread#1"                     [id=6528, stack(0x0000003fd6100000,0x0000003fd6200000) (1024K)]
  0x00000195e03c6270 WorkerThread "GC Thread#2"                     [id=7452, stack(0x0000003fd6200000,0x0000003fd6300000) (1024K)]
  0x00000195e03c6610 WorkerThread "GC Thread#3"                     [id=1524, stack(0x0000003fd6300000,0x0000003fd6400000) (1024K)]
  0x00000195fd24cec0 ConcurrentGCThread "G1 Main Marker"            [id=9176, stack(0x0000003fd4d00000,0x0000003fd4e00000) (1024K)]
  0x00000195fd24e060 WorkerThread "G1 Conc#0"                       [id=2400, stack(0x0000003fd4e00000,0x0000003fd4f00000) (1024K)]
  0x00000195fd2a9920 ConcurrentGCThread "G1 Refine#0"               [id=9268, stack(0x0000003fd4f00000,0x0000003fd5000000) (1024K)]
  0x00000195fd2aa390 ConcurrentGCThread "G1 Service"                [id=9604, stack(0x0000003fd5000000,0x0000003fd5100000) (1024K)]
Total: 10

Threads with active compile tasks:
C2 CompilerThread0    10900 2299   !   4       jdk.internal.loader.BuiltinClassLoader::loadClassOrNull (143 bytes)
Total: 1

VM state: at safepoint (normal execution)

VM Mutex/Monitor currently owned by a thread:  ([mutex/lock_event])
[0x00007fff253bbe98] Threads_lock - owner thread: 0x00000195fd2c9100
[0x00007fff253bbf98] Heap_lock - owner thread: 0x0000019599a8a6c0

Heap address: 0x00000000c3200000, size: 974 MB, Compressed Oops mode: 32-bit

CDS archive(s) mapped at: [0x000001959a000000-0x000001959ac90000-0x000001959ac90000), size 13172736, SharedBaseAddress: 0x000001959a000000, ArchiveRelocationMode: 1.
Compressed class space mapped at: 0x000001959b000000-0x00000195db000000, reserved size: 1073741824
Narrow klass base: 0x000001959a000000, Narrow klass shift: 0, Narrow klass range: 0x100000000

GC Precious Log:
 CardTable entry size: 512
 Card Set container configuration: InlinePtr #cards 5 size 8 Array Of Cards #cards 12 size 40 Howl #buckets 4 coarsen threshold 1843 Howl Bitmap #cards 512 size 80 coarsen threshold 460 Card regions per heap region 1 cards per card region 2048
 CPUs: 4 total, 4 available
 Memory: 3892M
 Large Page Support: Disabled
 NUMA Support: Disabled
 Compressed Oops: Enabled (32-bit)
 Heap Region Size: 1M
 Heap Min Capacity: 8M
 Heap Initial Capacity: 62M
 Heap Max Capacity: 974M
 Pre-touch: Disabled
 Parallel Workers: 4
 Concurrent Workers: 1
 Concurrent Refinement Workers: 4
 Periodic GC: Disabled

Heap:
 garbage-first heap   total 34816K, used 25267K [0x00000000c3200000, 0x0000000100000000)
  region size 1024K, 17 young (17408K), 2 survivors (2048K)
 Metaspace       used 33546K, committed 33856K, reserved 1114112K
  class space    used 4002K, committed 4160K, reserved 1048576K

Heap Regions: E=young(eden), S=young(survivor), O=old, HS=humongous(starts), HC=humongous(continues), CS=collection set, F=free, TAMS=top-at-mark-start, PB=parsable bottom
|   0|0x00000000c3200000, 0x00000000c3300000, 0x00000000c3300000|100%|HS|  |TAMS 0x00000000c3200000| PB 0x00000000c3200000| Complete 
|   1|0x00000000c3300000, 0x00000000c3400000, 0x00000000c3400000|100%| O|  |TAMS 0x00000000c3300000| PB 0x00000000c3300000| Untracked 
|   2|0x00000000c3400000, 0x00000000c3500000, 0x00000000c3500000|100%| O|  |TAMS 0x00000000c3400000| PB 0x00000000c3400000| Untracked 
|   3|0x00000000c3500000, 0x00000000c3600000, 0x00000000c3600000|100%| O|  |TAMS 0x00000000c3500000| PB 0x00000000c3500000| Untracked 
|   4|0x00000000c3600000, 0x00000000c3700000, 0x00000000c3700000|100%| O|  |TAMS 0x00000000c3600000| PB 0x00000000c3600000| Untracked 
|   5|0x00000000c3700000, 0x00000000c3745e38, 0x00000000c3800000| 27%| O|CS|TAMS 0x00000000c3700000| PB 0x00000000c3700000| Complete 
|   6|0x00000000c3800000, 0x00000000c3900000, 0x00000000c3900000|100%| O|  |TAMS 0x00000000c3800000| PB 0x00000000c3800000| Untracked 
|   7|0x00000000c3900000, 0x00000000c3a00000, 0x00000000c3a00000|100%| O|  |TAMS 0x00000000c3900000| PB 0x00000000c3900000| Untracked 
|   8|0x00000000c3a00000, 0x00000000c3b00000, 0x00000000c3b00000|100%| O|  |TAMS 0x00000000c3a00000| PB 0x00000000c3a00000| Untracked 
|   9|0x00000000c3b00000, 0x00000000c3c00000, 0x00000000c3c00000|100%| O|  |TAMS 0x00000000c3b00000| PB 0x00000000c3b00000| Untracked 
|  10|0x00000000c3c00000, 0x00000000c3d00000, 0x00000000c3d00000|100%| O|  |TAMS 0x00000000c3c00000| PB 0x00000000c3c00000| Untracked 
|  11|0x00000000c3d00000, 0x00000000c3d00000, 0x00000000c3e00000|  0%| O|  |TAMS 0x00000000c3d00000| PB 0x00000000c3d00000| Untracked 
|  12|0x00000000c3e00000, 0x00000000c3eb1fb0, 0x00000000c3f00000| 69%| E|CS|TAMS 0x00000000c3e00000| PB 0x00000000c3e00000| Complete 
|  13|0x00000000c3f00000, 0x00000000c4000000, 0x00000000c4000000|100%| E|CS|TAMS 0x00000000c3f00000| PB 0x00000000c3f00000| Complete 
|  14|0x00000000c4000000, 0x00000000c4000000, 0x00000000c4100000|  0%| F|  |TAMS 0x00000000c4000000| PB 0x00000000c4000000| Untracked 
|  15|0x00000000c4100000, 0x00000000c4100000, 0x00000000c4200000|  0%| F|  |TAMS 0x00000000c4100000| PB 0x00000000c4100000| Untracked 
|  16|0x00000000c4200000, 0x00000000c4200000, 0x00000000c4300000|  0%| F|  |TAMS 0x00000000c4200000| PB 0x00000000c4200000| Untracked 
|  17|0x00000000c4300000, 0x00000000c43158b0, 0x00000000c4400000|  8%| S|  |TAMS 0x00000000c4300000| PB 0x00000000c4300000| Complete 
|  18|0x00000000c4400000, 0x00000000c4500000, 0x00000000c4500000|100%| S|  |TAMS 0x00000000c4400000| PB 0x00000000c4400000| Complete 
|  19|0x00000000c4500000, 0x00000000c45fc678, 0x00000000c4600000| 98%| E|CS|TAMS 0x00000000c4500000| PB 0x00000000c4500000| Complete 
|  20|0x00000000c4600000, 0x00000000c4700000, 0x00000000c4700000|100%| E|CS|TAMS 0x00000000c4600000| PB 0x00000000c4600000| Complete 
|  21|0x00000000c4700000, 0x00000000c4800000, 0x00000000c4800000|100%| E|CS|TAMS 0x00000000c4700000| PB 0x00000000c4700000| Complete 
|  22|0x00000000c4800000, 0x00000000c4900000, 0x00000000c4900000|100%| E|CS|TAMS 0x00000000c4800000| PB 0x00000000c4800000| Complete 
|  23|0x00000000c4900000, 0x00000000c4a00000, 0x00000000c4a00000|100%| E|CS|TAMS 0x00000000c4900000| PB 0x00000000c4900000| Complete 
|  24|0x00000000c4a00000, 0x00000000c4b00000, 0x00000000c4b00000|100%| E|CS|TAMS 0x00000000c4a00000| PB 0x00000000c4a00000| Complete 
|  25|0x00000000c4b00000, 0x00000000c4c00000, 0x00000000c4c00000|100%| E|CS|TAMS 0x00000000c4b00000| PB 0x00000000c4b00000| Complete 
|  26|0x00000000c4c00000, 0x00000000c4d00000, 0x00000000c4d00000|100%| E|CS|TAMS 0x00000000c4c00000| PB 0x00000000c4c00000| Complete 
|  27|0x00000000c4d00000, 0x00000000c4e00000, 0x00000000c4e00000|100%| E|CS|TAMS 0x00000000c4d00000| PB 0x00000000c4d00000| Complete 
|  28|0x00000000c4e00000, 0x00000000c4f00000, 0x00000000c4f00000|100%| E|CS|TAMS 0x00000000c4e00000| PB 0x00000000c4e00000| Complete 
|  29|0x00000000c4f00000, 0x00000000c5000000, 0x00000000c5000000|100%| E|CS|TAMS 0x00000000c4f00000| PB 0x00000000c4f00000| Complete 
|  49|0x00000000c6300000, 0x00000000c6400000, 0x00000000c6400000|100%| E|CS|TAMS 0x00000000c6300000| PB 0x00000000c6300000| Complete 
|  50|0x00000000c6400000, 0x00000000c6500000, 0x00000000c6500000|100%| E|CS|TAMS 0x00000000c6400000| PB 0x00000000c6400000| Complete 
|  51|0x00000000c6500000, 0x00000000c6600000, 0x00000000c6600000|100%| E|CS|TAMS 0x00000000c6500000| PB 0x00000000c6500000| Complete 
|  61|0x00000000c6f00000, 0x00000000c7000000, 0x00000000c7000000|100%| E|CS|TAMS 0x00000000c6f00000| PB 0x00000000c6f00000| Complete 

Card table byte_map: [0x00000195fd4c0000,0x00000195fd6b0000] _byte_map_base: 0x00000195fcea7000

Marking Bits: (CMBitMap*) 0x00000195fd2354d0
 Bits: [0x00000195fd6b0000, 0x00000195fe5e8000)

Polling page: 0x00000195fc9d0000

Metaspace:

Usage:
  Non-class:     28.85 MB used.
      Class:      3.91 MB used.
       Both:     32.76 MB used.

Virtual space:
  Non-class space:       64.00 MB reserved,      29.00 MB ( 45%) committed,  1 nodes.
      Class space:        1.00 GB reserved,       4.06 MB ( <1%) committed,  1 nodes.
             Both:        1.06 GB reserved,      33.06 MB (  3%) committed. 

Chunk freelists:
   Non-Class:  2.39 MB
       Class:  11.95 MB
        Both:  14.34 MB

MaxMetaspaceSize: unlimited
CompressedClassSpaceSize: 1.00 GB
Initial GC threshold: 21.00 MB
Current GC threshold: 35.31 MB
CDS: on
 - commit_granule_bytes: 65536.
 - commit_granule_words: 8192.
 - virtual_space_node_default_size: 8388608.
 - enlarge_chunks_in_place: 1.
 - use_allocation_guard: 0.


Internal statistics:

num_allocs_failed_limit: 3.
num_arena_births: 242.
num_arena_deaths: 0.
num_vsnodes_births: 2.
num_vsnodes_deaths: 0.
num_space_committed: 529.
num_space_uncommitted: 0.
num_chunks_returned_to_freelist: 3.
num_chunks_taken_from_freelist: 937.
num_chunk_merges: 0.
num_chunk_splits: 685.
num_chunks_enlarged: 549.
num_inconsistent_stats: 0.

CodeHeap 'non-profiled nmethods': size=120000Kb used=926Kb max_used=926Kb free=119073Kb
 bounds [0x000001958fe90000, 0x0000019590100000, 0x00000195973c0000]
CodeHeap 'profiled nmethods': size=120000Kb used=4571Kb max_used=4571Kb free=115428Kb
 bounds [0x00000195883c0000, 0x0000019588840000, 0x000001958f8f0000]
CodeHeap 'non-nmethods': size=5760Kb used=1697Kb max_used=1710Kb free=4062Kb
 bounds [0x000001958f8f0000, 0x000001958fb60000, 0x000001958fe90000]
 total_blobs=3060 nmethods=2339 adapters=626
 compilation: enabled
              stopped_count=0, restarted_count=0
 full_count=0

Compilation events (20 events):
Event: 10.431 Thread 0x0000019599508020 2331       3       java.lang.invoke.MethodHandles$Lookup::getDirectMethodForConstant (72 bytes)
Event: 10.433 Thread 0x0000019599508020 nmethod 2331 0x0000019588831c10 code [0x0000019588831f60, 0x0000019588833098]
Event: 10.439 Thread 0x0000019599508020 2333       1       java.util.Formatter$FixedString::index (3 bytes)
Event: 10.439 Thread 0x0000019599508020 nmethod 2333 0x000001958ff77590 code [0x000001958ff77720, 0x000001958ff777e8]
Event: 10.458 Thread 0x0000019599508020 2334       3       java.lang.StringBuilder::append (8 bytes)
Event: 10.458 Thread 0x0000019599508020 nmethod 2334 0x0000019588833690 code [0x0000019588833840, 0x0000019588833990]
Event: 10.458 Thread 0x0000019599508020 2335       3       java.lang.AbstractStringBuilder::append (54 bytes)
Event: 10.459 Thread 0x0000019599508020 nmethod 2335 0x0000019588833a10 code [0x0000019588833c40, 0x0000019588834598]
Event: 10.492 Thread 0x0000019599508020 2337       3       jdk.internal.org.objectweb.asm.SymbolTable::putBootstrapMethods (56 bytes)
Event: 10.492 Thread 0x0000019599508020 nmethod 2337 0x0000019588834710 code [0x0000019588834900, 0x0000019588834c28]
Event: 10.493 Thread 0x0000019599508020 2338       3       java.lang.invoke.MethodHandleImpl$IntrinsicMethodHandle::<init> (25 bytes)
Event: 10.494 Thread 0x0000019599508020 nmethod 2338 0x0000019588834e10 code [0x0000019588835000, 0x0000019588835638]
Event: 10.578 Thread 0x0000019599508020 2339       3       org.hibernate.internal.util.collections.CaseInsensitiveDictionary::trueKey (8 bytes)
Event: 10.579 Thread 0x0000019599508020 nmethod 2339 0x0000019588835810 code [0x00000195888359e0, 0x0000019588835cf8]
Event: 10.620 Thread 0x0000019599508020 2340       3       java.util.concurrent.locks.AbstractQueuedSynchronizer::<init> (5 bytes)
Event: 10.621 Thread 0x0000019599508020 nmethod 2340 0x0000019588835e10 code [0x0000019588835fc0, 0x0000019588836188]
Event: 10.621 Thread 0x0000019599508020 2341       3       java.util.concurrent.locks.AbstractOwnableSynchronizer::<init> (5 bytes)
Event: 10.621 Thread 0x0000019599508020 nmethod 2341 0x0000019588836290 code [0x0000019588836420, 0x0000019588836588]
Event: 10.621 Thread 0x0000019599508020 2342       3       java.util.concurrent.locks.ReentrantLock::<init> (16 bytes)
Event: 10.622 Thread 0x0000019599508020 nmethod 2342 0x0000019588836690 code [0x0000019588836860, 0x0000019588836c58]

GC Heap History (9 events):
Event: 2.458 GC heap before
{Heap before GC invocations=0 (full 0):
 garbage-first heap   total 63488K, used 13312K [0x00000000c3200000, 0x0000000100000000)
  region size 1024K, 13 young (13312K), 0 survivors (0K)
 Metaspace       used 11487K, committed 11712K, reserved 1114112K
  class space    used 1214K, committed 1344K, reserved 1048576K
}
Event: 2.489 GC heap after
{Heap after GC invocations=1 (full 0):
 garbage-first heap   total 63488K, used 5568K [0x00000000c3200000, 0x0000000100000000)
  region size 1024K, 2 young (2048K), 2 survivors (2048K)
 Metaspace       used 11487K, committed 11712K, reserved 1114112K
  class space    used 1214K, committed 1344K, reserved 1048576K
}
Event: 5.846 GC heap before
{Heap before GC invocations=1 (full 0):
 garbage-first heap   total 63488K, used 18880K [0x00000000c3200000, 0x0000000100000000)
  region size 1024K, 15 young (15360K), 2 survivors (2048K)
 Metaspace       used 16321K, committed 16576K, reserved 1114112K
  class space    used 1854K, committed 1984K, reserved 1048576K
}
Event: 5.864 GC heap after
{Heap after GC invocations=2 (full 0):
 garbage-first heap   total 63488K, used 6519K [0x00000000c3200000, 0x0000000100000000)
  region size 1024K, 2 young (2048K), 2 survivors (2048K)
 Metaspace       used 16321K, committed 16576K, reserved 1114112K
  class space    used 1854K, committed 1984K, reserved 1048576K
}
Event: 7.567 GC heap before
{Heap before GC invocations=2 (full 0):
 garbage-first heap   total 63488K, used 15735K [0x00000000c3200000, 0x0000000100000000)
  region size 1024K, 12 young (12288K), 2 survivors (2048K)
 Metaspace       used 21215K, committed 21504K, reserved 1114112K
  class space    used 2382K, committed 2560K, reserved 1048576K
}
Event: 7.573 GC heap after
{Heap after GC invocations=3 (full 0):
 garbage-first heap   total 63488K, used 8391K [0x00000000c3200000, 0x0000000100000000)
  region size 1024K, 3 young (3072K), 3 survivors (3072K)
 Metaspace       used 21215K, committed 21504K, reserved 1114112K
  class space    used 2382K, committed 2560K, reserved 1048576K
}
Event: 9.493 GC heap before
{Heap before GC invocations=4 (full 0):
 garbage-first heap   total 34816K, used 25799K [0x00000000c3200000, 0x0000000100000000)
  region size 1024K, 20 young (20480K), 3 survivors (3072K)
 Metaspace       used 28477K, committed 28736K, reserved 1114112K
  class space    used 3349K, committed 3456K, reserved 1048576K
}
Event: 9.503 GC heap after
{Heap after GC invocations=5 (full 0):
 garbage-first heap   total 34816K, used 9922K [0x00000000c3200000, 0x0000000100000000)
  region size 1024K, 2 young (2048K), 2 survivors (2048K)
 Metaspace       used 28477K, committed 28736K, reserved 1114112K
  class space    used 3349K, committed 3456K, reserved 1048576K
}
Event: 10.743 GC heap before
{Heap before GC invocations=5 (full 0):
 garbage-first heap   total 34816K, used 24258K [0x00000000c3200000, 0x0000000100000000)
  region size 1024K, 17 young (17408K), 2 survivors (2048K)
 Metaspace       used 33546K, committed 33856K, reserved 1114112K
  class space    used 4002K, committed 4160K, reserved 1048576K
}

Dll operation events (12 events):
Event: 0.018 Loaded shared library C:\Program Files\Java\jdk-21\bin\java.dll
Event: 0.102 Loaded shared library C:\Program Files\Java\jdk-21\bin\jsvml.dll
Event: 0.310 Loaded shared library C:\Program Files\Java\jdk-21\bin\jimage.dll
Event: 0.326 Loaded shared library C:\Program Files\Java\jdk-21\bin\net.dll
Event: 0.331 Loaded shared library C:\Program Files\Java\jdk-21\bin\nio.dll
Event: 0.360 Loaded shared library C:\Program Files\Java\jdk-21\bin\zip.dll
Event: 0.480 Loaded shared library C:\Program Files\Java\jdk-21\bin\awt.dll
Event: 0.915 Loaded shared library C:\Program Files\Java\jdk-21\bin\freetype.dll
Event: 0.919 Loaded shared library C:\Program Files\Java\jdk-21\bin\fontmanager.dll
Event: 6.853 Loaded shared library C:\Program Files\Java\jdk-21\bin\extnet.dll
Event: 7.315 Loaded shared library C:\Program Files\Java\jdk-21\bin\sunmscapi.dll
Event: 9.488 Loaded shared library C:\Program Files\Java\jdk-21\bin\verify.dll

Deoptimization events (20 events):
Event: 8.739 Thread 0x0000019599a8a6c0 Uncommon trap: trap_request=0xffffffde fr.pc=0x000001958ff3efd4 relative=0x0000000000000dd4
Event: 8.739 Thread 0x0000019599a8a6c0 Uncommon trap: reason=class_check action=maybe_recompile pc=0x000001958ff3efd4 method=java.util.concurrent.ConcurrentHashMap.putVal(Ljava/lang/Object;Ljava/lang/Object;Z)Ljava/lang/Object; @ 242 c2
Event: 8.739 Thread 0x0000019599a8a6c0 DEOPT PACKING pc=0x000001958ff3efd4 sp=0x0000003fd60fdc30
Event: 8.740 Thread 0x0000019599a8a6c0 DEOPT UNPACKING pc=0x000001958f94469c sp=0x0000003fd60fdba0 mode 2
Event: 8.740 Thread 0x0000019599a8a6c0 Uncommon trap: trap_request=0xffffffde fr.pc=0x000001958ff3efd4 relative=0x0000000000000dd4
Event: 8.740 Thread 0x0000019599a8a6c0 Uncommon trap: reason=class_check action=maybe_recompile pc=0x000001958ff3efd4 method=java.util.concurrent.ConcurrentHashMap.putVal(Ljava/lang/Object;Ljava/lang/Object;Z)Ljava/lang/Object; @ 242 c2
Event: 8.740 Thread 0x0000019599a8a6c0 DEOPT PACKING pc=0x000001958ff3efd4 sp=0x0000003fd60fdc30
Event: 8.740 Thread 0x0000019599a8a6c0 DEOPT UNPACKING pc=0x000001958f94469c sp=0x0000003fd60fdba0 mode 2
Event: 8.785 Thread 0x0000019599a8a6c0 Uncommon trap: trap_request=0xffffffde fr.pc=0x000001958ff3efa4 relative=0x0000000000000da4
Event: 8.785 Thread 0x0000019599a8a6c0 Uncommon trap: reason=class_check action=maybe_recompile pc=0x000001958ff3efa4 method=java.util.concurrent.ConcurrentHashMap.putVal(Ljava/lang/Object;Ljava/lang/Object;Z)Ljava/lang/Object; @ 159 c2
Event: 8.785 Thread 0x0000019599a8a6c0 DEOPT PACKING pc=0x000001958ff3efa4 sp=0x0000003fd60fddc0
Event: 8.785 Thread 0x0000019599a8a6c0 DEOPT UNPACKING pc=0x000001958f94469c sp=0x0000003fd60fdd40 mode 2
Event: 9.192 Thread 0x0000019599a8a6c0 Uncommon trap: trap_request=0xffffff45 fr.pc=0x000001958fee9698 relative=0x0000000000000ad8
Event: 9.192 Thread 0x0000019599a8a6c0 Uncommon trap: reason=unstable_if action=reinterpret pc=0x000001958fee9698 method=jdk.internal.org.objectweb.asm.SymbolTable.put(Ljdk/internal/org/objectweb/asm/SymbolTable$Entry;)Ljdk/internal/org/objectweb/asm/SymbolTable$Entry; @ 13 c2
Event: 9.192 Thread 0x0000019599a8a6c0 DEOPT PACKING pc=0x000001958fee9698 sp=0x0000003fd60fcb70
Event: 9.192 Thread 0x0000019599a8a6c0 DEOPT UNPACKING pc=0x000001958f94469c sp=0x0000003fd60fcaa8 mode 2
Event: 9.659 Thread 0x0000019599a8a6c0 Uncommon trap: trap_request=0xffffff45 fr.pc=0x000001958fecb0b0 relative=0x0000000000000310
Event: 9.659 Thread 0x0000019599a8a6c0 Uncommon trap: reason=unstable_if action=reinterpret pc=0x000001958fecb0b0 method=jdk.internal.org.objectweb.asm.SymbolTable.put(Ljdk/internal/org/objectweb/asm/SymbolTable$Entry;)Ljdk/internal/org/objectweb/asm/SymbolTable$Entry; @ 13 c2
Event: 9.659 Thread 0x0000019599a8a6c0 DEOPT PACKING pc=0x000001958fecb0b0 sp=0x0000003fd60fbbe0
Event: 9.659 Thread 0x0000019599a8a6c0 DEOPT UNPACKING pc=0x000001958f94469c sp=0x0000003fd60fbb60 mode 2

Classes loaded (20 events):
Event: 9.595 Loading class java/lang/TypeNotPresentException
Event: 9.595 Loading class java/lang/TypeNotPresentException done
Event: 9.643 Loading class java/io/Console
Event: 9.644 Loading class java/io/Console done
Event: 10.085 Loading class javax/naming/RefAddr
Event: 10.085 Loading class javax/naming/RefAddr done
Event: 10.085 Loading class javax/naming/StringRefAddr
Event: 10.085 Loading class javax/naming/StringRefAddr done
Event: 10.183 Loading class java/util/concurrent/CompletionStage
Event: 10.183 Loading class java/util/concurrent/CompletionStage done
Event: 10.186 Loading class java/util/concurrent/CompletableFuture
Event: 10.188 Loading class java/util/concurrent/CompletableFuture done
Event: 10.189 Loading class java/util/concurrent/CompletableFuture$AltResult
Event: 10.189 Loading class java/util/concurrent/CompletableFuture$AltResult done
Event: 10.189 Loading class java/util/concurrent/CompletableFuture$Completion
Event: 10.189 Loading class java/util/concurrent/CompletableFuture$AsynchronousCompletionTask
Event: 10.189 Loading class java/util/concurrent/CompletableFuture$AsynchronousCompletionTask done
Event: 10.189 Loading class java/util/concurrent/CompletableFuture$Completion done
Event: 10.402 Loading class java/util/concurrent/CancellationException
Event: 10.402 Loading class java/util/concurrent/CancellationException done

Classes unloaded (0 events):
No events

Classes redefined (0 events):
No events

Internal exceptions (20 events):
Event: 7.260 Thread 0x0000019599a8a6c0 Exception <a 'java/lang/NoSuchMethodError'{0x00000000c68cdfa8}: 'void java.lang.invoke.DirectMethodHandle$Holder.invokeStaticInit(java.lang.Object, java.lang.Object)'> (0x00000000c68cdfa8) 
thrown [s\open\src\hotspot\share\interpreter\linkResolver.cpp, line 773]
Event: 7.434 Thread 0x0000019599a8a6c0 Exception <a 'sun/nio/fs/WindowsException'{0x00000000c67e3418}> (0x00000000c67e3418) 
thrown [s\open\src\hotspot\share\prims\jni.cpp, line 520]
Event: 8.012 Thread 0x0000019599a8a6c0 Exception <a 'java/lang/NoSuchMethodError'{0x00000000c4fb3f10}: 'void java.lang.invoke.DirectMethodHandle$Holder.invokeVirtual(java.lang.Object, java.lang.Object)'> (0x00000000c4fb3f10) 
thrown [s\open\src\hotspot\share\interpreter\linkResolver.cpp, line 773]
Event: 8.305 Thread 0x0000019599a8a6c0 Exception <a 'java/lang/NoSuchMethodError'{0x00000000c4d5d978}: 'int java.lang.invoke.DirectMethodHandle$Holder.invokeStatic(java.lang.Object)'> (0x00000000c4d5d978) 
thrown [s\open\src\hotspot\share\interpreter\linkResolver.cpp, line 773]
Event: 9.140 Thread 0x0000019599a8a6c0 Exception <a 'java/lang/NoSuchMethodError'{0x00000000c45fdb30}: 'java.lang.Object java.lang.invoke.DirectMethodHandle$Holder.newInvokeSpecial(java.lang.Object, java.lang.Object, java.lang.Object, int)'> (0x00000000c45fdb30) 
thrown [s\open\src\hotspot\share\interpreter\linkResolver.cpp, line 773]
Event: 9.141 Thread 0x0000019599a8a6c0 Exception <a 'java/lang/NoSuchMethodError'{0x00000000c44022d8}: 'java.lang.Object java.lang.invoke.DirectMethodHandle$Holder.invokeSpecial(java.lang.Object, java.lang.Object, java.lang.Object, java.lang.Object, int)'> (0x00000000c44022d8) 
thrown [s\open\src\hotspot\share\interpreter\linkResolver.cpp, line 773]
Event: 9.142 Thread 0x0000019599a8a6c0 Exception <a 'java/lang/NoSuchMethodError'{0x00000000c4405c30}: 'java.lang.Object java.lang.invoke.Invokers$Holder.linkToTargetMethod(java.lang.Object, java.lang.Object, int, java.lang.Object)'> (0x00000000c4405c30) 
thrown [s\open\src\hotspot\share\interpreter\linkResolver.cpp, line 773]
Event: 9.275 Thread 0x0000019599a8a6c0 Exception <a 'java/lang/NoSuchMethodError'{0x00000000c421ab18}: 'int java.lang.invoke.DirectMethodHandle$Holder.invokeVirtual(java.lang.Object, java.lang.Object, java.lang.Object)'> (0x00000000c421ab18) 
thrown [s\open\src\hotspot\share\interpreter\linkResolver.cpp, line 773]
Event: 9.314 Thread 0x0000019599a8a6c0 Exception <a 'java/lang/NoSuchMethodError'{0x00000000c4284c70}: 'void java.lang.invoke.DirectMethodHandle$Holder.invokeStatic(java.lang.Object, java.lang.Object, java.lang.Object, java.lang.Object)'> (0x00000000c4284c70) 
thrown [s\open\src\hotspot\share\interpreter\linkResolver.cpp, line 773]
Event: 9.338 Thread 0x0000019599a8a6c0 Exception <a 'java/lang/NoSuchMethodError'{0x00000000c42bef50}: 'int java.lang.invoke.DirectMethodHandle$Holder.invokeInterface(java.lang.Object, java.lang.Object)'> (0x00000000c42bef50) 
thrown [s\open\src\hotspot\share\interpreter\linkResolver.cpp, line 773]
Event: 9.341 Thread 0x0000019599a8a6c0 Exception <a 'java/lang/IncompatibleClassChangeError'{0x00000000c42c75b8}: Found class java.lang.Object, but interface was expected> (0x00000000c42c75b8) 
thrown [s\open\src\hotspot\share\interpreter\linkResolver.cpp, line 840]
Event: 9.410 Thread 0x0000019599a8a6c0 Exception <a 'java/lang/NoSuchMethodError'{0x00000000c41b0dc0}: 'java.lang.Object java.lang.invoke.DirectMethodHandle$Holder.newInvokeSpecial(java.lang.Object, java.lang.Object, int)'> (0x00000000c41b0dc0) 
thrown [s\open\src\hotspot\share\interpreter\linkResolver.cpp, line 773]
Event: 9.412 Thread 0x0000019599a8a6c0 Exception <a 'java/lang/NoSuchMethodError'{0x00000000c41b5348}: 'int java.lang.invoke.DirectMethodHandle$Holder.invokeSpecial(java.lang.Object, java.lang.Object, java.lang.Object, int)'> (0x00000000c41b5348) 
thrown [s\open\src\hotspot\share\interpreter\linkResolver.cpp, line 773]
Event: 9.415 Thread 0x0000019599a8a6c0 Exception <a 'java/lang/NoSuchMethodError'{0x00000000c41c73a8}: 'java.lang.Object java.lang.invoke.DirectMethodHandle$Holder.invokeStatic(java.lang.Object, java.lang.Object, java.lang.Object, java.lang.Object, int)'> (0x00000000c41c73a8) 
thrown [s\open\src\hotspot\share\interpreter\linkResolver.cpp, line 773]
Event: 9.883 Thread 0x0000019599a8a6c0 Exception <a 'java/lang/NoSuchMethodError'{0x00000000c4fdf928}: 'int java.lang.invoke.DirectMethodHandle$Holder.invokeVirtual(java.lang.Object, java.lang.Object)'> (0x00000000c4fdf928) 
thrown [s\open\src\hotspot\share\interpreter\linkResolver.cpp, line 773]
Event: 10.149 Thread 0x0000019599a8a6c0 Exception <a 'java/lang/NoSuchMethodError'{0x00000000c4cbc938}: 'int java.lang.invoke.DirectMethodHandle$Holder.invokeStatic(java.lang.Object, java.lang.Object, java.lang.Object, java.lang.Object)'> (0x00000000c4cbc938) 
thrown [s\open\src\hotspot\share\interpreter\linkResolver.cpp, line 773]
Event: 10.425 Thread 0x0000019599a8a6c0 Exception <a 'java/lang/NoSuchMethodError'{0x00000000c49a2998}: 'java.lang.Object java.lang.invoke.DirectMethodHandle$Holder.invokeVirtual(java.lang.Object, java.lang.Object, java.lang.Object, java.lang.Object)'> (0x00000000c49a2998) 
thrown [s\open\src\hotspot\share\interpreter\linkResolver.cpp, line 773]
Event: 10.430 Thread 0x0000019599a8a6c0 Exception <a 'java/lang/IncompatibleClassChangeError'{0x00000000c49af308}: Found class java.lang.Object, but interface was expected> (0x00000000c49af308) 
thrown [s\open\src\hotspot\share\interpreter\linkResolver.cpp, line 840]
Event: 10.488 Thread 0x0000019599a8a6c0 Exception <a 'java/lang/NoSuchMethodError'{0x00000000c4871ba8}: 'java.lang.Object java.lang.invoke.DirectMethodHandle$Holder.invokeStatic(java.lang.Object, java.lang.Object, int, java.lang.Object)'> (0x00000000c4871ba8) 
thrown [s\open\src\hotspot\share\interpreter\linkResolver.cpp, line 773]
Event: 10.489 Thread 0x0000019599a8a6c0 Exception <a 'java/lang/NoSuchMethodError'{0x00000000c48753b0}: 'java.lang.Object java.lang.invoke.DirectMethodHandle$Holder.invokeStaticInit(java.lang.Object, java.lang.Object, int, java.lang.Object)'> (0x00000000c48753b0) 
thrown [s\open\src\hotspot\share\interpreter\linkResolver.cpp, line 773]

ZGC Phase Switch (0 events):
No events

VM Operations (20 events):
Event: 7.177 Executing VM operation: HandshakeAllThreads (Deoptimize) done
Event: 7.335 Executing VM operation: HandshakeAllThreads (Deoptimize)
Event: 7.336 Executing VM operation: HandshakeAllThreads (Deoptimize) done
Event: 7.461 Executing VM operation: HandshakeAllThreads (Deoptimize)
Event: 7.461 Executing VM operation: HandshakeAllThreads (Deoptimize) done
Event: 7.567 Executing VM operation: CollectForMetadataAllocation (Metadata GC Threshold)
Event: 7.573 Executing VM operation: CollectForMetadataAllocation (Metadata GC Threshold) done
Event: 7.591 Executing VM operation: G1PauseRemark
Event: 7.594 Executing VM operation: G1PauseRemark done
Event: 7.599 Executing VM operation: G1PauseCleanup
Event: 7.600 Executing VM operation: G1PauseCleanup done
Event: 8.063 Executing VM operation: HandshakeAllThreads (Deoptimize)
Event: 8.063 Executing VM operation: HandshakeAllThreads (Deoptimize) done
Event: 9.070 Executing VM operation: Cleanup
Event: 9.071 Executing VM operation: Cleanup done
Event: 9.493 Executing VM operation: G1CollectForAllocation (G1 Evacuation Pause)
Event: 9.503 Executing VM operation: G1CollectForAllocation (G1 Evacuation Pause) done
Event: 10.506 Executing VM operation: Cleanup
Event: 10.506 Executing VM operation: Cleanup done
Event: 10.743 Executing VM operation: G1CollectForAllocation (G1 Evacuation Pause)

Events (20 events):
Event: 0.098 Thread 0x00000195994f4ff0 Thread added: 0x00000195994f4ff0
Event: 0.098 Thread 0x00000195994f5a40 Thread added: 0x00000195994f5a40
Event: 0.099 Thread 0x00000195994f6490 Thread added: 0x00000195994f6490
Event: 0.099 Thread 0x00000195994faf00 Thread added: 0x00000195994faf00
Event: 0.099 Thread 0x00000195994ff180 Thread added: 0x00000195994ff180
Event: 0.099 Thread 0x0000019599508020 Thread added: 0x0000019599508020
Event: 0.223 Thread 0x0000019599762d50 Thread added: 0x0000019599762d50
Event: 0.232 Thread 0x0000019599767be0 Thread added: 0x0000019599767be0
Event: 0.396 Thread 0x00000195998a6710 Thread added: 0x00000195998a6710
Event: 0.700 Thread 0x00000195998a6710 Thread exited: 0x00000195998a6710
Event: 0.701 Thread 0x00000195998a6710 Thread added: 0x00000195998a6710
Event: 0.706 Thread 0x000001959997ed60 Thread added: 0x000001959997ed60
Event: 0.711 Thread 0x000001959997f3c0 Thread added: 0x000001959997f3c0
Event: 1.092 Thread 0x0000019599a8a6c0 Thread added: 0x0000019599a8a6c0
Event: 1.093 Thread 0x00000195fb101570 Thread exited: 0x00000195fb101570
Event: 1.093 Thread 0x00000195fb101570 Thread added: 0x00000195fb101570
Event: 6.024 Thread 0x00000195dffdbd40 Thread added: 0x00000195dffdbd40
Event: 7.840 Thread 0x00000195e00b7d30 Thread added: 0x00000195e00b7d30
Event: 8.331 Thread 0x00000195e0e6b950 Thread added: 0x00000195e0e6b950
Event: 9.055 Thread 0x00000195e00b7d30 Thread exited: 0x00000195e00b7d30


Dynamic libraries:
0x00007ff7d7550000 - 0x00007ff7d7560000 	C:\Program Files\Java\jdk-21\bin\java.exe
0x00007fff5cd50000 - 0x00007fff5cf48000 	C:\Windows\SYSTEM32\ntdll.dll
0x00007fff5c1c0000 - 0x00007fff5c282000 	C:\Windows\System32\KERNEL32.DLL
0x00007fff5a5e0000 - 0x00007fff5a8de000 	C:\Windows\System32\KERNELBASE.dll
0x00007fff5ac70000 - 0x00007fff5ad70000 	C:\Windows\System32\ucrtbase.dll
0x00007fff26940000 - 0x00007fff2695b000 	C:\Program Files\Java\jdk-21\bin\VCRUNTIME140.dll
0x00007fff572a0000 - 0x00007fff572b9000 	C:\Program Files\Java\jdk-21\bin\jli.dll
0x00007fff5b170000 - 0x00007fff5b221000 	C:\Windows\System32\ADVAPI32.dll
0x00007fff5b3e0000 - 0x00007fff5b47e000 	C:\Windows\System32\msvcrt.dll
0x00007fff5af40000 - 0x00007fff5afdf000 	C:\Windows\System32\sechost.dll
0x00007fff5cbe0000 - 0x00007fff5cd03000 	C:\Windows\System32\RPCRT4.dll
0x00007fff5a8e0000 - 0x00007fff5a907000 	C:\Windows\System32\bcrypt.dll
0x00007fff5c840000 - 0x00007fff5c9dd000 	C:\Windows\System32\USER32.dll
0x00007fff5a960000 - 0x00007fff5a982000 	C:\Windows\System32\win32u.dll
0x00007fff5b5c0000 - 0x00007fff5b5eb000 	C:\Windows\System32\GDI32.dll
0x00007fff4a6e0000 - 0x00007fff4a97a000 	C:\Windows\WinSxS\amd64_microsoft.windows.common-controls_6595b64144ccf1df_6.0.19041.4355_none_60b8b9eb71f62e16\COMCTL32.dll
0x00007fff5aa30000 - 0x00007fff5ab47000 	C:\Windows\System32\gdi32full.dll
0x00007fff5a990000 - 0x00007fff5aa2d000 	C:\Windows\System32\msvcp_win.dll
0x00007fff4d770000 - 0x00007fff4d77a000 	C:\Windows\SYSTEM32\VERSION.dll
0x00007fff5c120000 - 0x00007fff5c14f000 	C:\Windows\System32\IMM32.DLL
0x00007fff48580000 - 0x00007fff4858c000 	C:\Program Files\Java\jdk-21\bin\vcruntime140_1.dll
0x00007fff260b0000 - 0x00007fff2613e000 	C:\Program Files\Java\jdk-21\bin\msvcp140.dll
0x00007fff24780000 - 0x00007fff25498000 	C:\Program Files\Java\jdk-21\bin\server\jvm.dll
0x00007fff5cb60000 - 0x00007fff5cbcb000 	C:\Windows\System32\WS2_32.dll
0x00007fff598f0000 - 0x00007fff5993b000 	C:\Windows\SYSTEM32\POWRPROF.dll
0x00007fff4ad90000 - 0x00007fff4adb7000 	C:\Windows\SYSTEM32\WINMM.dll
0x00007fff597b0000 - 0x00007fff597c2000 	C:\Windows\SYSTEM32\UMPDC.dll
0x00007fff58230000 - 0x00007fff58242000 	C:\Windows\SYSTEM32\kernel.appcore.dll
0x00007fff48370000 - 0x00007fff4837a000 	C:\Program Files\Java\jdk-21\bin\jimage.dll
0x00007fff46920000 - 0x00007fff46b04000 	C:\Windows\SYSTEM32\DBGHELP.DLL
0x00007fff468e0000 - 0x00007fff46914000 	C:\Windows\SYSTEM32\dbgcore.DLL
0x00007fff5a3f0000 - 0x00007fff5a472000 	C:\Windows\System32\bcryptPrimitives.dll
0x00007fff268e0000 - 0x00007fff268ff000 	C:\Program Files\Java\jdk-21\bin\java.dll
0x00007fff5b9b0000 - 0x00007fff5c11d000 	C:\Windows\System32\SHELL32.dll
0x00007fff58430000 - 0x00007fff58bd4000 	C:\Windows\SYSTEM32\windows.storage.dll
0x00007fff5b650000 - 0x00007fff5b9a3000 	C:\Windows\System32\combase.dll
0x00007fff59d40000 - 0x00007fff59d6e000 	C:\Windows\SYSTEM32\Wldp.dll
0x00007fff5ca90000 - 0x00007fff5cb5d000 	C:\Windows\System32\OLEAUT32.dll
0x00007fff5ae90000 - 0x00007fff5af3d000 	C:\Windows\System32\SHCORE.dll
0x00007fff5b110000 - 0x00007fff5b165000 	C:\Windows\System32\shlwapi.dll
0x00007fff5a320000 - 0x00007fff5a344000 	C:\Windows\SYSTEM32\profapi.dll
0x00007fff26800000 - 0x00007fff268d7000 	C:\Program Files\Java\jdk-21\bin\jsvml.dll
0x00007fff47710000 - 0x00007fff47720000 	C:\Program Files\Java\jdk-21\bin\net.dll
0x00007fff53c60000 - 0x00007fff53d6d000 	C:\Windows\SYSTEM32\WINHTTP.dll
0x00007fff59b20000 - 0x00007fff59b8a000 	C:\Windows\system32\mswsock.dll
0x00007fff266f0000 - 0x00007fff26706000 	C:\Program Files\Java\jdk-21\bin\nio.dll
0x00007fff266d0000 - 0x00007fff266e8000 	C:\Program Files\Java\jdk-21\bin\zip.dll
0x00007fff26140000 - 0x00007fff262cf000 	C:\Program Files\Java\jdk-21\bin\awt.dll
0x00007fff574e0000 - 0x00007fff57574000 	C:\Windows\SYSTEM32\apphelp.dll
0x00007fff57d40000 - 0x00007fff57dde000 	C:\Windows\system32\uxtheme.dll
0x00007fff5ad70000 - 0x00007fff5ae85000 	C:\Windows\System32\MSCTF.dll
0x00007fff5afe0000 - 0x00007fff5b10b000 	C:\Windows\System32\ole32.dll
0x00007fff57f30000 - 0x00007fff57f5f000 	C:\Windows\system32\DWMAPI.DLL
0x00007fff25ef0000 - 0x00007fff25f77000 	C:\Program Files\Java\jdk-21\bin\freetype.dll
0x00007fff25e00000 - 0x00007fff25ee1000 	C:\Program Files\Java\jdk-21\bin\fontmanager.dll
0x00007fff25f80000 - 0x00007fff260a8000 	C:\Windows\system32\opengl32.dll
0x00007fff4c3f0000 - 0x00007fff4c41c000 	C:\Windows\SYSTEM32\GLU32.dll
0x00007fff5a090000 - 0x00007fff5a0a8000 	C:\Windows\SYSTEM32\CRYPTSP.dll
0x00007fff593f0000 - 0x00007fff59424000 	C:\Windows\system32\rsaenh.dll
0x00007fff5a2a0000 - 0x00007fff5a2ce000 	C:\Windows\SYSTEM32\USERENV.dll
0x00007fff59cb0000 - 0x00007fff59cbc000 	C:\Windows\SYSTEM32\CRYPTBASE.dll
0x00007fff597d0000 - 0x00007fff5980b000 	C:\Windows\SYSTEM32\IPHLPAPI.DLL
0x00007fff5cbd0000 - 0x00007fff5cbd8000 	C:\Windows\System32\NSI.dll
0x00007fff59820000 - 0x00007fff598ea000 	C:\Windows\SYSTEM32\DNSAPI.dll
0x00007fff501a0000 - 0x00007fff501aa000 	C:\Windows\System32\rasadhlp.dll
0x00007fff4f900000 - 0x00007fff4f980000 	C:\Windows\System32\fwpuclnt.dll
0x00007fff4c450000 - 0x00007fff4c459000 	C:\Program Files\Java\jdk-21\bin\extnet.dll
0x00007fff570d0000 - 0x00007fff570de000 	C:\Program Files\Java\jdk-21\bin\sunmscapi.dll
0x00007fff5a480000 - 0x00007fff5a5dc000 	C:\Windows\System32\CRYPT32.dll
0x00007fff59db0000 - 0x00007fff59dd7000 	C:\Windows\SYSTEM32\ncrypt.dll
0x00007fff59d70000 - 0x00007fff59dab000 	C:\Windows\SYSTEM32\NTASN1.dll
0x00007fff529b0000 - 0x00007fff529c0000 	C:\Program Files\Java\jdk-21\bin\verify.dll

dbghelp: loaded successfully - version: 4.0.5 - missing functions: none
symbol engine: initialized successfully - sym options: 0x614 - pdb path: .;C:\Program Files\Java\jdk-21\bin;C:\Windows\SYSTEM32;C:\Windows\WinSxS\amd64_microsoft.windows.common-controls_6595b64144ccf1df_6.0.19041.4355_none_60b8b9eb71f62e16;C:\Program Files\Java\jdk-21\bin\server

VM Arguments:
java_command: br.com.ifba.curso.view.CursoListar
java_class_path (initial): C:\Users\Erio\Desktop\Tabalhos do jhonatas san\prg13dao\target\classes;C:\Users\Erio\.m2\repository\org\hibernate\orm\hibernate-core\6.4.1.Final\hibernate-core-6.4.1.Final.jar;C:\Users\Erio\.m2\repository\jakarta\persistence\jakarta.persistence-api\3.1.0\jakarta.persistence-api-3.1.0.jar;C:\Users\Erio\.m2\repository\jakarta\transaction\jakarta.transaction-api\2.0.1\jakarta.transaction-api-2.0.1.jar;C:\Users\Erio\.m2\repository\org\jboss\logging\jboss-logging\3.5.0.Final\jboss-logging-3.5.0.Final.jar;C:\Users\Erio\.m2\repository\org\hibernate\common\hibernate-commons-annotations\6.0.6.Final\hibernate-commons-annotations-6.0.6.Final.jar;C:\Users\Erio\.m2\repository\io\smallrye\jandex\3.1.2\jandex-3.1.2.jar;C:\Users\Erio\.m2\repository\com\fasterxml\classmate\1.5.1\classmate-1.5.1.jar;C:\Users\Erio\.m2\repository\net\bytebuddy\byte-buddy\1.14.7\byte-buddy-1.14.7.jar;C:\Users\Erio\.m2\repository\jakarta\xml\bind\jakarta.xml.bind-api\4.0.0\jakarta.xml.bind-api-4.0.0.jar;C:\Users\Erio\.m2\repository\jakarta\activation\jakarta.activation-api\2.1.0\jakarta.activation-api-2.1.0.jar;C:\Users\Erio\.m2\repository\org\glassfish\jaxb\jaxb-runtime\4.0.2\jaxb-runtime-4.0.2.jar;C:\Users\Erio\.m2\repository\org\glassfish\jaxb\jaxb-core\4.0.2\jaxb-core-4.0.2.jar;C:\Users\Erio\.m2\repository\org\eclipse\angus\angus-activation\2.0.0\angus-activation-2.0.0.jar;C:\Users\Erio\.m2\repository\org\glassfish\jaxb\txw2\4.0.2\txw2-4.0.2.jar;C:\Users\Erio\.m2\repository\com\sun\istack\istack-commons-runtime\4.1.1\istack-commons-runtime-4.1.1.jar;C:\Users\Erio\.m2\repository\jakarta\inject\jakarta.inject-api\2.0.1\jakarta.inject-api-2.0.1.jar;C:\Users\Erio\.m2\repository\org\antlr\antlr4-runtime\4.13.0\antlr4-runtime-4.13.0.jar;C:\Users\Erio\.m2\repository\com\mysql\mysql-connector-j\8.0.33\mysql-connector-j-8.0.33.jar;C:\Users\Erio\.m2\repository\com\google\protobuf\protobuf-java\3.21.9\protobuf-java-3.21.9.jar;C:\Users\Erio\.m2\repository\org\netbeans\external\AbsoluteLayout\RELEASE230\AbsoluteLayout-RELEASE230.jar
Launcher Type: SUN_STANDARD

[Global flags]
     intx CICompilerCount                          = 3                                         {product} {ergonomic}
     uint ConcGCThreads                            = 1                                         {product} {ergonomic}
     uint G1ConcRefinementThreads                  = 4                                         {product} {ergonomic}
   size_t G1HeapRegionSize                         = 1048576                                   {product} {ergonomic}
    uintx GCDrainStackTargetSize                   = 64                                        {product} {ergonomic}
   size_t InitialHeapSize                          = 65011712                                  {product} {ergonomic}
   size_t MarkStackSize                            = 4194304                                   {product} {ergonomic}
   size_t MaxHeapSize                              = 1021313024                                {product} {ergonomic}
   size_t MaxNewSize                               = 612368384                                 {product} {ergonomic}
   size_t MinHeapDeltaBytes                        = 1048576                                   {product} {ergonomic}
   size_t MinHeapSize                              = 8388608                                   {product} {ergonomic}
    uintx NonNMethodCodeHeapSize                   = 5832780                                {pd product} {ergonomic}
    uintx NonProfiledCodeHeapSize                  = 122912730                              {pd product} {ergonomic}
    uintx ProfiledCodeHeapSize                     = 122912730                              {pd product} {ergonomic}
    uintx ReservedCodeCacheSize                    = 251658240                              {pd product} {ergonomic}
     bool SegmentedCodeCache                       = true                                      {product} {ergonomic}
   size_t SoftMaxHeapSize                          = 1021313024                             {manageable} {ergonomic}
     bool UseCompressedOops                        = true                           {product lp64_product} {ergonomic}
     bool UseG1GC                                  = true                                      {product} {ergonomic}
     bool UseLargePagesIndividualAllocation        = false                                  {pd product} {ergonomic}

Logging:
Log output configuration:
 #0: stdout all=warning uptime,level,tags foldmultilines=false
 #1: stderr all=off uptime,level,tags foldmultilines=false

Environment Variables:
JAVA_HOME=C:\Program Files\Java\jdk-21
PATH=C:\Program Files\Java\jdk-21\bin;C:\Windows\system32;C:\Windows;C:\Windows\System32\Wbem;C:\Windows\System32\WindowsPowerShell\v1.0\;C:\Windows\System32\OpenSSH\;C:\Program Files\Git\cmd;C:\Users\Erio\AppData\Local\Microsoft\WindowsApps;C:\Users\Erio\AppData\Local\Programs\Microsoft VS Code\bin;C:\MinGW\bin;C:\Program Files\Java\jdk-21\bin;C:\Users\Erio\AppData\Local\GitHubDesktop\bin
USERNAME=Erio
OS=Windows_NT
PROCESSOR_IDENTIFIER=Intel64 Family 6 Model 37 Stepping 5, GenuineIntel
TMP=C:\Users\Erio\AppData\Local\Temp
TEMP=C:\Users\Erio\AppData\Local\Temp




Periodic native trim disabled

---------------  S Y S T E M  ---------------

OS:
 Windows 10 , 64 bit Build 19041 (10.0.19041.5198)
OS uptime: 1 days 15:04 hours
Hyper-V role detected

CPU: total 4 (initial active 4) (2 cores per cpu, 2 threads per core) family 6 model 37 stepping 5 microcode 0x7, cx8, cmov, fxsr, ht, mmx, sse, sse2, sse3, ssse3, sse4.1, sse4.2, popcnt, tsc, tscinvbit, clflush, hv, rdtscp
Processor Information for all 4 processors :
  Max Mhz: 2533, Current Mhz: 2533, Mhz Limit: 2533

Memory: 4k page, system-wide physical 3892M (480M free)
TotalPageFile size 6535M (AvailPageFile size 857M)
current process WorkingSet (physical memory assigned to process): 151M, peak: 151M
current process commit charge ("private bytes"): 182M, peak: 182M

vm_info: Java HotSpot(TM) 64-Bit Server VM (21.0.5+9-LTS-239) for windows-amd64 JRE (21.0.5+9-LTS-239), built on 2024-09-30T05:17:38Z by "mach5one" with MS VC++ 17.6 (VS2022)

END.
